🕒 Started: Mi 18 Mär 2026 01:21:43 CET
🚀 Starting handle script for TurboBird [x86_64-linux64-gtk2-release], version 1.2.1.1270
📌 SRC initially points to: /home/maurog/daten/mustafa/entwicklung/windows/lazarus/FireBird/turbobird/src/handle_scripts/../../bin/x86_64-linux64-gtk2-release/TurboBird_x86_64-linux64-gtk2-release/TurboBird_x86_64-linux64-gtk2-release
+ '[' ON = ON ']'
+ log '🚀 Starting handle script for TurboBird [x86_64-linux64-gtk2-release], version 1.2.1.1270'
+ echo '🚀 Starting handle script for TurboBird [x86_64-linux64-gtk2-release], version 1.2.1.1270'
🚀 Starting handle script for TurboBird [x86_64-linux64-gtk2-release], version 1.2.1.1270
+ '[' ON = ON ']'
+ echo '🚀 Starting handle script for TurboBird [x86_64-linux64-gtk2-release], version 1.2.1.1270'
+ SRC=/home/maurog/daten/mustafa/entwicklung/windows/lazarus/FireBird/turbobird/src/handle_scripts/../../bin/x86_64-linux64-gtk2-release/TurboBird_x86_64-linux64-gtk2-release/TurboBird_x86_64-linux64-gtk2-release
+ '[' -f /home/maurog/daten/mustafa/entwicklung/windows/lazarus/FireBird/turbobird/src/handle_scripts/../../bin/x86_64-linux64-gtk2-release/TurboBird_x86_64-linux64-gtk2-release/TurboBird_x86_64-linux64-gtk2-release.exe ']'
+ log '📌 SRC initially points to: /home/maurog/daten/mustafa/entwicklung/windows/lazarus/FireBird/turbobird/src/handle_scripts/../../bin/x86_64-linux64-gtk2-release/TurboBird_x86_64-linux64-gtk2-release/TurboBird_x86_64-linux64-gtk2-release'
+ echo '📌 SRC initially points to: /home/maurog/daten/mustafa/entwicklung/windows/lazarus/FireBird/turbobird/src/handle_scripts/../../bin/x86_64-linux64-gtk2-release/TurboBird_x86_64-linux64-gtk2-release/TurboBird_x86_64-linux64-gtk2-release'
📌 SRC initially points to: /home/maurog/daten/mustafa/entwicklung/windows/lazarus/FireBird/turbobird/src/handle_scripts/../../bin/x86_64-linux64-gtk2-release/TurboBird_x86_64-linux64-gtk2-release/TurboBird_x86_64-linux64-gtk2-release
+ '[' ON = ON ']'
+ echo '📌 SRC initially points to: /home/maurog/daten/mustafa/entwicklung/windows/lazarus/FireBird/turbobird/src/handle_scripts/../../bin/x86_64-linux64-gtk2-release/TurboBird_x86_64-linux64-gtk2-release/TurboBird_x86_64-linux64-gtk2-release'
+ handle_file /home/maurog/daten/mustafa/entwicklung/windows/lazarus/FireBird/turbobird/src/handle_scripts/../../bin/x86_64-linux64-gtk2-release/TurboBird_x86_64-linux64-gtk2-release/TurboBird_x86_64-linux64-gtk2-release
+ local src=/home/maurog/daten/mustafa/entwicklung/windows/lazarus/FireBird/turbobird/src/handle_scripts/../../bin/x86_64-linux64-gtk2-release/TurboBird_x86_64-linux64-gtk2-release/TurboBird_x86_64-linux64-gtk2-release
+ DST=/home/maurog/daten/mustafa/entwicklung/windows/lazarus/FireBird/turbobird/src/handle_scripts/../../bin/x86_64-linux64-gtk2-release/TurboBird_x86_64-linux64-gtk2-release/TurboBird_x86_64-linux64-gtk2-release
+ '[' ON = ON ']'
+ [[ /home/maurog/daten/mustafa/entwicklung/windows/lazarus/FireBird/turbobird/src/handle_scripts/../../bin/x86_64-linux64-gtk2-release/TurboBird_x86_64-linux64-gtk2-release/TurboBird_x86_64-linux64-gtk2-release == *.exe ]]
+ DST=/home/maurog/daten/mustafa/entwicklung/windows/lazarus/FireBird/turbobird/src/handle_scripts/../../bin/x86_64-linux64-gtk2-release/TurboBird_x86_64-linux64-gtk2-release/TurboBird_x86_64-linux64-gtk2-release-v1.2.1.1270
+ mv /home/maurog/daten/mustafa/entwicklung/windows/lazarus/FireBird/turbobird/src/handle_scripts/../../bin/x86_64-linux64-gtk2-release/TurboBird_x86_64-linux64-gtk2-release/TurboBird_x86_64-linux64-gtk2-release /home/maurog/daten/mustafa/entwicklung/windows/lazarus/FireBird/turbobird/src/handle_scripts/../../bin/x86_64-linux64-gtk2-release/TurboBird_x86_64-linux64-gtk2-release/TurboBird_x86_64-linux64-gtk2-release-v1.2.1.1270
+ log '✅ File renamed with version: /home/maurog/daten/mustafa/entwicklung/windows/lazarus/FireBird/turbobird/src/handle_scripts/../../bin/x86_64-linux64-gtk2-release/TurboBird_x86_64-linux64-gtk2-release/TurboBird_x86_64-linux64-gtk2-release-v1.2.1.1270'
+ echo '✅ File renamed with version: /home/maurog/daten/mustafa/entwicklung/windows/lazarus/FireBird/turbobird/src/handle_scripts/../../bin/x86_64-linux64-gtk2-release/TurboBird_x86_64-linux64-gtk2-release/TurboBird_x86_64-linux64-gtk2-release-v1.2.1.1270'
✅ File renamed with version: /home/maurog/daten/mustafa/entwicklung/windows/lazarus/FireBird/turbobird/src/handle_scripts/../../bin/x86_64-linux64-gtk2-release/TurboBird_x86_64-linux64-gtk2-release/TurboBird_x86_64-linux64-gtk2-release-v1.2.1.1270
+ '[' ON = ON ']'
+ echo '✅ File renamed with version: /home/maurog/daten/mustafa/entwicklung/windows/lazarus/FireBird/turbobird/src/handle_scripts/../../bin/x86_64-linux64-gtk2-release/TurboBird_x86_64-linux64-gtk2-release/TurboBird_x86_64-linux64-gtk2-release-v1.2.1.1270'
✅ File renamed with version: /home/maurog/daten/mustafa/entwicklung/windows/lazarus/FireBird/turbobird/src/handle_scripts/../../bin/x86_64-linux64-gtk2-release/TurboBird_x86_64-linux64-gtk2-release/TurboBird_x86_64-linux64-gtk2-release-v1.2.1.1270
+ '[' ON = ON ']'
+ file /home/maurog/daten/mustafa/entwicklung/windows/lazarus/FireBird/turbobird/src/handle_scripts/../../bin/x86_64-linux64-gtk2-release/TurboBird_x86_64-linux64-gtk2-release/TurboBird_x86_64-linux64-gtk2-release-v1.2.1.1270
+ grep -q -e ELF -e PE32
+ strip /home/maurog/daten/mustafa/entwicklung/windows/lazarus/FireBird/turbobird/src/handle_scripts/../../bin/x86_64-linux64-gtk2-release/TurboBird_x86_64-linux64-gtk2-release/TurboBird_x86_64-linux64-gtk2-release-v1.2.1.1270
🔧 Binary stripped: /home/maurog/daten/mustafa/entwicklung/windows/lazarus/FireBird/turbobird/src/handle_scripts/../../bin/x86_64-linux64-gtk2-release/TurboBird_x86_64-linux64-gtk2-release/TurboBird_x86_64-linux64-gtk2-release-v1.2.1.1270
+ log '🔧 Binary stripped: /home/maurog/daten/mustafa/entwicklung/windows/lazarus/FireBird/turbobird/src/handle_scripts/../../bin/x86_64-linux64-gtk2-release/TurboBird_x86_64-linux64-gtk2-release/TurboBird_x86_64-linux64-gtk2-release-v1.2.1.1270'
+ echo '🔧 Binary stripped: /home/maurog/daten/mustafa/entwicklung/windows/lazarus/FireBird/turbobird/src/handle_scripts/../../bin/x86_64-linux64-gtk2-release/TurboBird_x86_64-linux64-gtk2-release/TurboBird_x86_64-linux64-gtk2-release-v1.2.1.1270'
🔧 Binary stripped: /home/maurog/daten/mustafa/entwicklung/windows/lazarus/FireBird/turbobird/src/handle_scripts/../../bin/x86_64-linux64-gtk2-release/TurboBird_x86_64-linux64-gtk2-release/TurboBird_x86_64-linux64-gtk2-release-v1.2.1.1270
+ '[' ON = ON ']'
+ echo '🔧 Binary stripped: /home/maurog/daten/mustafa/entwicklung/windows/lazarus/FireBird/turbobird/src/handle_scripts/../../bin/x86_64-linux64-gtk2-release/TurboBird_x86_64-linux64-gtk2-release/TurboBird_x86_64-linux64-gtk2-release-v1.2.1.1270'
+ chmod +x /home/maurog/daten/mustafa/entwicklung/windows/lazarus/FireBird/turbobird/src/handle_scripts/../../bin/x86_64-linux64-gtk2-release/TurboBird_x86_64-linux64-gtk2-release/TurboBird_x86_64-linux64-gtk2-release-v1.2.1.1270
🔐 Marked as executable: /home/maurog/daten/mustafa/entwicklung/windows/lazarus/FireBird/turbobird/src/handle_scripts/../../bin/x86_64-linux64-gtk2-release/TurboBird_x86_64-linux64-gtk2-release/TurboBird_x86_64-linux64-gtk2-release-v1.2.1.1270
📦 Compressing file, please wait...
+ log '🔐 Marked as executable: /home/maurog/daten/mustafa/entwicklung/windows/lazarus/FireBird/turbobird/src/handle_scripts/../../bin/x86_64-linux64-gtk2-release/TurboBird_x86_64-linux64-gtk2-release/TurboBird_x86_64-linux64-gtk2-release-v1.2.1.1270'
+ echo '🔐 Marked as executable: /home/maurog/daten/mustafa/entwicklung/windows/lazarus/FireBird/turbobird/src/handle_scripts/../../bin/x86_64-linux64-gtk2-release/TurboBird_x86_64-linux64-gtk2-release/TurboBird_x86_64-linux64-gtk2-release-v1.2.1.1270'
🔐 Marked as executable: /home/maurog/daten/mustafa/entwicklung/windows/lazarus/FireBird/turbobird/src/handle_scripts/../../bin/x86_64-linux64-gtk2-release/TurboBird_x86_64-linux64-gtk2-release/TurboBird_x86_64-linux64-gtk2-release-v1.2.1.1270
+ '[' ON = ON ']'
+ echo '🔐 Marked as executable: /home/maurog/daten/mustafa/entwicklung/windows/lazarus/FireBird/turbobird/src/handle_scripts/../../bin/x86_64-linux64-gtk2-release/TurboBird_x86_64-linux64-gtk2-release/TurboBird_x86_64-linux64-gtk2-release-v1.2.1.1270'
+ '[' ON = ON ']'
+ '[' false = true ']'
+ '[' ON = ON ']'
+ ZIP_FILE=/home/maurog/daten/mustafa/entwicklung/windows/lazarus/FireBird/turbobird/src/handle_scripts/../../bin/x86_64-linux64-gtk2-release/TurboBird_x86_64-linux64-gtk2-release/TurboBird_x86_64-linux64-gtk2-release-v1.2.1.1270.zip
+ log '📦 Compressing file, please wait...'
+ echo '📦 Compressing file, please wait...'
📦 Compressing file, please wait...
+ '[' ON = ON ']'
+ echo '📦 Compressing file, please wait...'
+ zip -j -q /home/maurog/daten/mustafa/entwicklung/windows/lazarus/FireBird/turbobird/src/handle_scripts/../../bin/x86_64-linux64-gtk2-release/TurboBird_x86_64-linux64-gtk2-release/TurboBird_x86_64-linux64-gtk2-release-v1.2.1.1270.zip /home/maurog/daten/mustafa/entwicklung/windows/lazarus/FireBird/turbobird/src/handle_scripts/../../bin/x86_64-linux64-gtk2-release/TurboBird_x86_64-linux64-gtk2-release/TurboBird_x86_64-linux64-gtk2-release-v1.2.1.1270
++ stat -c%s /home/maurog/daten/mustafa/entwicklung/windows/lazarus/FireBird/turbobird/src/handle_scripts/../../bin/x86_64-linux64-gtk2-release/TurboBird_x86_64-linux64-gtk2-release/TurboBird_x86_64-linux64-gtk2-release-v1.2.1.1270.zip
+ ZIP_SIZE=28834193
++ stat -c%s /home/maurog/daten/mustafa/entwicklung/windows/lazarus/FireBird/turbobird/src/handle_scripts/../../bin/x86_64-linux64-gtk2-release/TurboBird_x86_64-linux64-gtk2-release/TurboBird_x86_64-linux64-gtk2-release-v1.2.1.1270
+ ORIG_SIZE=50135560
+ ((  ZIP_SIZE < ORIG_SIZE  ))
+ log '📦 Compressed: /home/maurog/daten/mustafa/entwicklung/windows/lazarus/FireBird/turbobird/src/handle_scripts/../../bin/x86_64-linux64-gtk2-release/TurboBird_x86_64-linux64-gtk2-release/TurboBird_x86_64-linux64-gtk2-release-v1.2.1.1270.zip (from 47MB → 27MB)'
+ echo '📦 Compressed: /home/maurog/daten/mustafa/entwicklung/windows/lazarus/FireBird/turbobird/src/handle_scripts/../../bin/x86_64-linux64-gtk2-release/TurboBird_x86_64-linux64-gtk2-release/TurboBird_x86_64-linux64-gtk2-release-v1.2.1.1270.zip (from 47MB → 27MB)'
📦 Compressed: /home/maurog/daten/mustafa/entwicklung/windows/lazarus/FireBird/turbobird/src/handle_scripts/../../bin/x86_64-linux64-gtk2-release/TurboBird_x86_64-linux64-gtk2-release/TurboBird_x86_64-linux64-gtk2-release-v1.2.1.1270.zip (from 47MB → 27MB)
+ '[' ON = ON ']'
+ echo '📦 Compressed: /home/maurog/daten/mustafa/entwicklung/windows/lazarus/FireBird/turbobird/src/handle_scripts/../../bin/x86_64-linux64-gtk2-release/TurboBird_x86_64-linux64-gtk2-release/TurboBird_x86_64-linux64-gtk2-release-v1.2.1.1270.zip (from 47MB → 27MB)'
📦 Compressed: /home/maurog/daten/mustafa/entwicklung/windows/lazarus/FireBird/turbobird/src/handle_scripts/../../bin/x86_64-linux64-gtk2-release/TurboBird_x86_64-linux64-gtk2-release/TurboBird_x86_64-linux64-gtk2-release-v1.2.1.1270.zip (from 47MB → 27MB)
++ dirname /home/maurog/daten/mustafa/entwicklung/windows/lazarus/FireBird/turbobird/src/handle_scripts/../../bin/x86_64-linux64-gtk2-release/TurboBird_x86_64-linux64-gtk2-release/TurboBird_x86_64-linux64-gtk2-release-v1.2.1.1270
+ DST_DIR=/home/maurog/daten/mustafa/entwicklung/windows/lazarus/FireBird/turbobird/src/handle_scripts/../../bin/x86_64-linux64-gtk2-release/TurboBird_x86_64-linux64-gtk2-release
++ basename /home/maurog/daten/mustafa/entwicklung/windows/lazarus/FireBird/turbobird/src/handle_scripts/../../bin/x86_64-linux64-gtk2-release/TurboBird_x86_64-linux64-gtk2-release/TurboBird_x86_64-linux64-gtk2-release-v1.2.1.1270
🧹 Cleaning up old versions of: TurboBird_x86_64-linux64-gtk2-release
+ DST_FILENAME=TurboBird_x86_64-linux64-gtk2-release-v1.2.1.1270
+ '[' ON = ON ']'
+ BASENAME_RAW=TurboBird_x86_64-linux64-gtk2-release
+ VERSION_TAG=-v1.2.1.1270
+ KEEP_BIN=TurboBird_x86_64-linux64-gtk2-release-v1.2.1.1270
+ '[' false = true ']'
+ KEEP_EXE=
+ KEEP_ZIP=TurboBird_x86_64-linux64-gtk2-release-v1.2.1.1270.zip
+ '[' ON = ON ']'
+ log '🧹 Cleaning up old versions of: TurboBird_x86_64-linux64-gtk2-release'
+ echo '🧹 Cleaning up old versions of: TurboBird_x86_64-linux64-gtk2-release'
🧹 Cleaning up old versions of: TurboBird_x86_64-linux64-gtk2-release
+ '[' ON = ON ']'
+ echo '🧹 Cleaning up old versions of: TurboBird_x86_64-linux64-gtk2-release'
+ find /home/maurog/daten/mustafa/entwicklung/windows/lazarus/FireBird/turbobird/src/handle_scripts/../../bin/x86_64-linux64-gtk2-release/TurboBird_x86_64-linux64-gtk2-release -type f -name 'TurboBird_x86_64-linux64-gtk2-release-v*.zip' '!' -name TurboBird_x86_64-linux64-gtk2-release-v1.2.1.1270.zip '!' -name '*.ini' -exec bash -c 'echo "🗑️ Deleting old ZIP: $1"; rm -v "$1"' _ '{}' ';'
🗑️ Deleting old ZIP: /home/maurog/daten/mustafa/entwicklung/windows/lazarus/FireBird/turbobird/src/handle_scripts/../../bin/x86_64-linux64-gtk2-release/TurboBird_x86_64-linux64-gtk2-release/TurboBird_x86_64-linux64-gtk2-release-v1.2.1.1268.zip
'/home/maurog/daten/mustafa/entwicklung/windows/lazarus/FireBird/turbobird/src/handle_scripts/../../bin/x86_64-linux64-gtk2-release/TurboBird_x86_64-linux64-gtk2-release/TurboBird_x86_64-linux64-gtk2-release-v1.2.1.1268.zip' wurde entfernt
🗑️ Deleting old ZIP: /home/maurog/daten/mustafa/entwicklung/windows/lazarus/FireBird/turbobird/src/handle_scripts/../../bin/x86_64-linux64-gtk2-release/TurboBird_x86_64-linux64-gtk2-release/TurboBird_x86_64-linux64-gtk2-release-v1.2.1.1266.zip
'/home/maurog/daten/mustafa/entwicklung/windows/lazarus/FireBird/turbobird/src/handle_scripts/../../bin/x86_64-linux64-gtk2-release/TurboBird_x86_64-linux64-gtk2-release/TurboBird_x86_64-linux64-gtk2-release-v1.2.1.1266.zip' wurde entfernt
+ find /home/maurog/daten/mustafa/entwicklung/windows/lazarus/FireBird/turbobird/src/handle_scripts/../../bin/x86_64-linux64-gtk2-release/TurboBird_x86_64-linux64-gtk2-release -type f -name 'TurboBird_x86_64-linux64-gtk2-release-v*' '!' -name TurboBird_x86_64-linux64-gtk2-release-v1.2.1.1270 '!' -name '' '!' -name TurboBird_x86_64-linux64-gtk2-release-v1.2.1.1270.zip '!' -name '*.zip' '!' -name '*.ini' -exec bash -c 'echo "🗑️ Deleting old binary: $1"; rm -v "$1"' _ '{}' ';'
🗑️ Deleting old binary: /home/maurog/daten/mustafa/entwicklung/windows/lazarus/FireBird/turbobird/src/handle_scripts/../../bin/x86_64-linux64-gtk2-release/TurboBird_x86_64-linux64-gtk2-release/TurboBird_x86_64-linux64-gtk2-release-v1.2.1.1266
'/home/maurog/daten/mustafa/entwicklung/windows/lazarus/FireBird/turbobird/src/handle_scripts/../../bin/x86_64-linux64-gtk2-release/TurboBird_x86_64-linux64-gtk2-release/TurboBird_x86_64-linux64-gtk2-release-v1.2.1.1266' wurde entfernt
🗑️ Deleting old binary: /home/maurog/daten/mustafa/entwicklung/windows/lazarus/FireBird/turbobird/src/handle_scripts/../../bin/x86_64-linux64-gtk2-release/TurboBird_x86_64-linux64-gtk2-release/TurboBird_x86_64-linux64-gtk2-release-v1.2.1.1268
'/home/maurog/daten/mustafa/entwicklung/windows/lazarus/FireBird/turbobird/src/handle_scripts/../../bin/x86_64-linux64-gtk2-release/TurboBird_x86_64-linux64-gtk2-release/TurboBird_x86_64-linux64-gtk2-release-v1.2.1.1268' wurde entfernt
