🕒 Started: Fr 21 Nov 2025 17:27:57 CET
🚀 Starting handle script for TurboBird [x86_64-win64-win-debug], version 1.2.1.1262
📌 SRC initially points to: /home/maurog/daten/mustafa/entwicklung/windows/lazarus/FireBird/turbobird/src/handle_scripts/../../bin/x86_64-win64-win-debug/TurboBird_x86_64-win64-win-debug/TurboBird_x86_64-win64-win-debug.exe
🔍 Detected .exe input file
+ '[' ON = ON ']'
+ log '🚀 Starting handle script for TurboBird [x86_64-win64-win-debug], version 1.2.1.1262'
+ echo '🚀 Starting handle script for TurboBird [x86_64-win64-win-debug], version 1.2.1.1262'
🚀 Starting handle script for TurboBird [x86_64-win64-win-debug], version 1.2.1.1262
+ '[' ON = ON ']'
+ echo '🚀 Starting handle script for TurboBird [x86_64-win64-win-debug], version 1.2.1.1262'
+ SRC=/home/maurog/daten/mustafa/entwicklung/windows/lazarus/FireBird/turbobird/src/handle_scripts/../../bin/x86_64-win64-win-debug/TurboBird_x86_64-win64-win-debug/TurboBird_x86_64-win64-win-debug
+ '[' -f /home/maurog/daten/mustafa/entwicklung/windows/lazarus/FireBird/turbobird/src/handle_scripts/../../bin/x86_64-win64-win-debug/TurboBird_x86_64-win64-win-debug/TurboBird_x86_64-win64-win-debug.exe ']'
+ SRC=/home/maurog/daten/mustafa/entwicklung/windows/lazarus/FireBird/turbobird/src/handle_scripts/../../bin/x86_64-win64-win-debug/TurboBird_x86_64-win64-win-debug/TurboBird_x86_64-win64-win-debug.exe
+ IS_EXE=true
+ log '📌 SRC initially points to: /home/maurog/daten/mustafa/entwicklung/windows/lazarus/FireBird/turbobird/src/handle_scripts/../../bin/x86_64-win64-win-debug/TurboBird_x86_64-win64-win-debug/TurboBird_x86_64-win64-win-debug.exe'
+ echo '📌 SRC initially points to: /home/maurog/daten/mustafa/entwicklung/windows/lazarus/FireBird/turbobird/src/handle_scripts/../../bin/x86_64-win64-win-debug/TurboBird_x86_64-win64-win-debug/TurboBird_x86_64-win64-win-debug.exe'
📌 SRC initially points to: /home/maurog/daten/mustafa/entwicklung/windows/lazarus/FireBird/turbobird/src/handle_scripts/../../bin/x86_64-win64-win-debug/TurboBird_x86_64-win64-win-debug/TurboBird_x86_64-win64-win-debug.exe
+ '[' ON = ON ']'
+ echo '📌 SRC initially points to: /home/maurog/daten/mustafa/entwicklung/windows/lazarus/FireBird/turbobird/src/handle_scripts/../../bin/x86_64-win64-win-debug/TurboBird_x86_64-win64-win-debug/TurboBird_x86_64-win64-win-debug.exe'
+ handle_file /home/maurog/daten/mustafa/entwicklung/windows/lazarus/FireBird/turbobird/src/handle_scripts/../../bin/x86_64-win64-win-debug/TurboBird_x86_64-win64-win-debug/TurboBird_x86_64-win64-win-debug.exe
+ local src=/home/maurog/daten/mustafa/entwicklung/windows/lazarus/FireBird/turbobird/src/handle_scripts/../../bin/x86_64-win64-win-debug/TurboBird_x86_64-win64-win-debug/TurboBird_x86_64-win64-win-debug.exe
+ DST=/home/maurog/daten/mustafa/entwicklung/windows/lazarus/FireBird/turbobird/src/handle_scripts/../../bin/x86_64-win64-win-debug/TurboBird_x86_64-win64-win-debug/TurboBird_x86_64-win64-win-debug.exe
+ '[' ON = ON ']'
+ [[ /home/maurog/daten/mustafa/entwicklung/windows/lazarus/FireBird/turbobird/src/handle_scripts/../../bin/x86_64-win64-win-debug/TurboBird_x86_64-win64-win-debug/TurboBird_x86_64-win64-win-debug.exe == *.exe ]]
+ log '🔍 Detected .exe input file'
+ echo '🔍 Detected .exe input file'
🔍 Detected .exe input file
+ '[' ON = ON ']'
+ echo '🔍 Detected .exe input file'
+ local new_src=/home/maurog/daten/mustafa/entwicklung/windows/lazarus/FireBird/turbobird/src/handle_scripts/../../bin/x86_64-win64-win-debug/TurboBird_x86_64-win64-win-debug/TurboBird_x86_64-win64-win-debug
+ mv /home/maurog/daten/mustafa/entwicklung/windows/lazarus/FireBird/turbobird/src/handle_scripts/../../bin/x86_64-win64-win-debug/TurboBird_x86_64-win64-win-debug/TurboBird_x86_64-win64-win-debug.exe /home/maurog/daten/mustafa/entwicklung/windows/lazarus/FireBird/turbobird/src/handle_scripts/../../bin/x86_64-win64-win-debug/TurboBird_x86_64-win64-win-debug/TurboBird_x86_64-win64-win-debug
+ log '📁 Renamed: /home/maurog/daten/mustafa/entwicklung/windows/lazarus/FireBird/turbobird/src/handle_scripts/../../bin/x86_64-win64-win-debug/TurboBird_x86_64-win64-win-debug/TurboBird_x86_64-win64-win-debug.exe → /home/maurog/daten/mustafa/entwicklung/windows/lazarus/FireBird/turbobird/src/handle_scripts/../../bin/x86_64-win64-win-debug/TurboBird_x86_64-win64-win-debug/TurboBird_x86_64-win64-win-debug'
+ echo '📁 Renamed: /home/maurog/daten/mustafa/entwicklung/windows/lazarus/FireBird/turbobird/src/handle_scripts/../../bin/x86_64-win64-win-debug/TurboBird_x86_64-win64-win-debug/TurboBird_x86_64-win64-win-debug.exe → /home/maurog/daten/mustafa/entwicklung/windows/lazarus/FireBird/turbobird/src/handle_scripts/../../bin/x86_64-win64-win-debug/TurboBird_x86_64-win64-win-debug/TurboBird_x86_64-win64-win-debug'
📁 Renamed: /home/maurog/daten/mustafa/entwicklung/windows/lazarus/FireBird/turbobird/src/handle_scripts/../../bin/x86_64-win64-win-debug/TurboBird_x86_64-win64-win-debug/TurboBird_x86_64-win64-win-debug.exe → /home/maurog/daten/mustafa/entwicklung/windows/lazarus/FireBird/turbobird/src/handle_scripts/../../bin/x86_64-win64-win-debug/TurboBird_x86_64-win64-win-debug/TurboBird_x86_64-win64-win-debug
+ '[' ON = ON ']'
+ echo '📁 Renamed: /home/maurog/daten/mustafa/entwicklung/windows/lazarus/FireBird/turbobird/src/handle_scripts/../../bin/x86_64-win64-win-debug/TurboBird_x86_64-win64-win-debug/TurboBird_x86_64-win64-win-debug.exe → /home/maurog/daten/mustafa/entwicklung/windows/lazarus/FireBird/turbobird/src/handle_scripts/../../bin/x86_64-win64-win-debug/TurboBird_x86_64-win64-win-debug/TurboBird_x86_64-win64-win-debug'
📁 Renamed: /home/maurog/daten/mustafa/entwicklung/windows/lazarus/FireBird/turbobird/src/handle_scripts/../../bin/x86_64-win64-win-debug/TurboBird_x86_64-win64-win-debug/TurboBird_x86_64-win64-win-debug.exe → /home/maurog/daten/mustafa/entwicklung/windows/lazarus/FireBird/turbobird/src/handle_scripts/../../bin/x86_64-win64-win-debug/TurboBird_x86_64-win64-win-debug/TurboBird_x86_64-win64-win-debug
+ src=/home/maurog/daten/mustafa/entwicklung/windows/lazarus/FireBird/turbobird/src/handle_scripts/../../bin/x86_64-win64-win-debug/TurboBird_x86_64-win64-win-debug/TurboBird_x86_64-win64-win-debug
+ IS_EXE=true
+ DST=/home/maurog/daten/mustafa/entwicklung/windows/lazarus/FireBird/turbobird/src/handle_scripts/../../bin/x86_64-win64-win-debug/TurboBird_x86_64-win64-win-debug/TurboBird_x86_64-win64-win-debug-v1.2.1.1262
+ mv /home/maurog/daten/mustafa/entwicklung/windows/lazarus/FireBird/turbobird/src/handle_scripts/../../bin/x86_64-win64-win-debug/TurboBird_x86_64-win64-win-debug/TurboBird_x86_64-win64-win-debug /home/maurog/daten/mustafa/entwicklung/windows/lazarus/FireBird/turbobird/src/handle_scripts/../../bin/x86_64-win64-win-debug/TurboBird_x86_64-win64-win-debug/TurboBird_x86_64-win64-win-debug-v1.2.1.1262
+ log '✅ File renamed with version: /home/maurog/daten/mustafa/entwicklung/windows/lazarus/FireBird/turbobird/src/handle_scripts/../../bin/x86_64-win64-win-debug/TurboBird_x86_64-win64-win-debug/TurboBird_x86_64-win64-win-debug-v1.2.1.1262'
+ echo '✅ File renamed with version: /home/maurog/daten/mustafa/entwicklung/windows/lazarus/FireBird/turbobird/src/handle_scripts/../../bin/x86_64-win64-win-debug/TurboBird_x86_64-win64-win-debug/TurboBird_x86_64-win64-win-debug-v1.2.1.1262'
✅ File renamed with version: /home/maurog/daten/mustafa/entwicklung/windows/lazarus/FireBird/turbobird/src/handle_scripts/../../bin/x86_64-win64-win-debug/TurboBird_x86_64-win64-win-debug/TurboBird_x86_64-win64-win-debug-v1.2.1.1262
+ '[' ON = ON ']'
+ echo '✅ File renamed with version: /home/maurog/daten/mustafa/entwicklung/windows/lazarus/FireBird/turbobird/src/handle_scripts/../../bin/x86_64-win64-win-debug/TurboBird_x86_64-win64-win-debug/TurboBird_x86_64-win64-win-debug-v1.2.1.1262'
✅ File renamed with version: /home/maurog/daten/mustafa/entwicklung/windows/lazarus/FireBird/turbobird/src/handle_scripts/../../bin/x86_64-win64-win-debug/TurboBird_x86_64-win64-win-debug/TurboBird_x86_64-win64-win-debug-v1.2.1.1262
+ '[' OFF = ON ']'
+ chmod +x /home/maurog/daten/mustafa/entwicklung/windows/lazarus/FireBird/turbobird/src/handle_scripts/../../bin/x86_64-win64-win-debug/TurboBird_x86_64-win64-win-debug/TurboBird_x86_64-win64-win-debug-v1.2.1.1262
+ log '🔐 Marked as executable: /home/maurog/daten/mustafa/entwicklung/windows/lazarus/FireBird/turbobird/src/handle_scripts/../../bin/x86_64-win64-win-debug/TurboBird_x86_64-win64-win-debug/TurboBird_x86_64-win64-win-debug-v1.2.1.1262'
+ echo '🔐 Marked as executable: /home/maurog/daten/mustafa/entwicklung/windows/lazarus/FireBird/turbobird/src/handle_scripts/../../bin/x86_64-win64-win-debug/TurboBird_x86_64-win64-win-debug/TurboBird_x86_64-win64-win-debug-v1.2.1.1262'
🔐 Marked as executable: /home/maurog/daten/mustafa/entwicklung/windows/lazarus/FireBird/turbobird/src/handle_scripts/../../bin/x86_64-win64-win-debug/TurboBird_x86_64-win64-win-debug/TurboBird_x86_64-win64-win-debug-v1.2.1.1262
+ '[' ON = ON ']'
+ echo '🔐 Marked as executable: /home/maurog/daten/mustafa/entwicklung/windows/lazarus/FireBird/turbobird/src/handle_scripts/../../bin/x86_64-win64-win-debug/TurboBird_x86_64-win64-win-debug/TurboBird_x86_64-win64-win-debug-v1.2.1.1262'
🔐 Marked as executable: /home/maurog/daten/mustafa/entwicklung/windows/lazarus/FireBird/turbobird/src/handle_scripts/../../bin/x86_64-win64-win-debug/TurboBird_x86_64-win64-win-debug/TurboBird_x86_64-win64-win-debug-v1.2.1.1262
+ '[' ON = ON ']'
+ '[' true = true ']'
+ local final_dst=/home/maurog/daten/mustafa/entwicklung/windows/lazarus/FireBird/turbobird/src/handle_scripts/../../bin/x86_64-win64-win-debug/TurboBird_x86_64-win64-win-debug/TurboBird_x86_64-win64-win-debug-v1.2.1.1262.exe
+ mv /home/maurog/daten/mustafa/entwicklung/windows/lazarus/FireBird/turbobird/src/handle_scripts/../../bin/x86_64-win64-win-debug/TurboBird_x86_64-win64-win-debug/TurboBird_x86_64-win64-win-debug-v1.2.1.1262 /home/maurog/daten/mustafa/entwicklung/windows/lazarus/FireBird/turbobird/src/handle_scripts/../../bin/x86_64-win64-win-debug/TurboBird_x86_64-win64-win-debug/TurboBird_x86_64-win64-win-debug-v1.2.1.1262.exe
+ DST=/home/maurog/daten/mustafa/entwicklung/windows/lazarus/FireBird/turbobird/src/handle_scripts/../../bin/x86_64-win64-win-debug/TurboBird_x86_64-win64-win-debug/TurboBird_x86_64-win64-win-debug-v1.2.1.1262.exe
+ log '📦 Final EXE name restored: /home/maurog/daten/mustafa/entwicklung/windows/lazarus/FireBird/turbobird/src/handle_scripts/../../bin/x86_64-win64-win-debug/TurboBird_x86_64-win64-win-debug/TurboBird_x86_64-win64-win-debug-v1.2.1.1262.exe'
+ echo '📦 Final EXE name restored: /home/maurog/daten/mustafa/entwicklung/windows/lazarus/FireBird/turbobird/src/handle_scripts/../../bin/x86_64-win64-win-debug/TurboBird_x86_64-win64-win-debug/TurboBird_x86_64-win64-win-debug-v1.2.1.1262.exe'
📦 Final EXE name restored: /home/maurog/daten/mustafa/entwicklung/windows/lazarus/FireBird/turbobird/src/handle_scripts/../../bin/x86_64-win64-win-debug/TurboBird_x86_64-win64-win-debug/TurboBird_x86_64-win64-win-debug-v1.2.1.1262.exe
+ '[' ON = ON ']'
+ echo '📦 Final EXE name restored: /home/maurog/daten/mustafa/entwicklung/windows/lazarus/FireBird/turbobird/src/handle_scripts/../../bin/x86_64-win64-win-debug/TurboBird_x86_64-win64-win-debug/TurboBird_x86_64-win64-win-debug-v1.2.1.1262.exe'
📦 Final EXE name restored: /home/maurog/daten/mustafa/entwicklung/windows/lazarus/FireBird/turbobird/src/handle_scripts/../../bin/x86_64-win64-win-debug/TurboBird_x86_64-win64-win-debug/TurboBird_x86_64-win64-win-debug-v1.2.1.1262.exe
+ '[' ON = ON ']'
+ ZIP_FILE=/home/maurog/daten/mustafa/entwicklung/windows/lazarus/FireBird/turbobird/src/handle_scripts/../../bin/x86_64-win64-win-debug/TurboBird_x86_64-win64-win-debug/TurboBird_x86_64-win64-win-debug-v1.2.1.1262.exe.zip
+ log '📦 Compressing file, please wait...'
+ echo '📦 Compressing file, please wait...'
📦 Compressing file, please wait...
+ '[' ON = ON ']'
+ echo '📦 Compressing file, please wait...'
📦 Compressing file, please wait...
+ zip -j -q /home/maurog/daten/mustafa/entwicklung/windows/lazarus/FireBird/turbobird/src/handle_scripts/../../bin/x86_64-win64-win-debug/TurboBird_x86_64-win64-win-debug/TurboBird_x86_64-win64-win-debug-v1.2.1.1262.exe.zip /home/maurog/daten/mustafa/entwicklung/windows/lazarus/FireBird/turbobird/src/handle_scripts/../../bin/x86_64-win64-win-debug/TurboBird_x86_64-win64-win-debug/TurboBird_x86_64-win64-win-debug-v1.2.1.1262.exe
++ stat -c%s /home/maurog/daten/mustafa/entwicklung/windows/lazarus/FireBird/turbobird/src/handle_scripts/../../bin/x86_64-win64-win-debug/TurboBird_x86_64-win64-win-debug/TurboBird_x86_64-win64-win-debug-v1.2.1.1262.exe.zip
+ ZIP_SIZE=50121342
++ stat -c%s /home/maurog/daten/mustafa/entwicklung/windows/lazarus/FireBird/turbobird/src/handle_scripts/../../bin/x86_64-win64-win-debug/TurboBird_x86_64-win64-win-debug/TurboBird_x86_64-win64-win-debug-v1.2.1.1262.exe
+ ORIG_SIZE=192748798
+ ((  ZIP_SIZE < ORIG_SIZE  ))
+ log '📦 Compressed: /home/maurog/daten/mustafa/entwicklung/windows/lazarus/FireBird/turbobird/src/handle_scripts/../../bin/x86_64-win64-win-debug/TurboBird_x86_64-win64-win-debug/TurboBird_x86_64-win64-win-debug-v1.2.1.1262.exe.zip (from 183MB → 47MB)'
+ echo '📦 Compressed: /home/maurog/daten/mustafa/entwicklung/windows/lazarus/FireBird/turbobird/src/handle_scripts/../../bin/x86_64-win64-win-debug/TurboBird_x86_64-win64-win-debug/TurboBird_x86_64-win64-win-debug-v1.2.1.1262.exe.zip (from 183MB → 47MB)'
📦 Compressed: /home/maurog/daten/mustafa/entwicklung/windows/lazarus/FireBird/turbobird/src/handle_scripts/../../bin/x86_64-win64-win-debug/TurboBird_x86_64-win64-win-debug/TurboBird_x86_64-win64-win-debug-v1.2.1.1262.exe.zip (from 183MB → 47MB)
+ '[' ON = ON ']'
+ echo '📦 Compressed: /home/maurog/daten/mustafa/entwicklung/windows/lazarus/FireBird/turbobird/src/handle_scripts/../../bin/x86_64-win64-win-debug/TurboBird_x86_64-win64-win-debug/TurboBird_x86_64-win64-win-debug-v1.2.1.1262.exe.zip (from 183MB → 47MB)'
📦 Compressed: /home/maurog/daten/mustafa/entwicklung/windows/lazarus/FireBird/turbobird/src/handle_scripts/../../bin/x86_64-win64-win-debug/TurboBird_x86_64-win64-win-debug/TurboBird_x86_64-win64-win-debug-v1.2.1.1262.exe.zip (from 183MB → 47MB)
++ dirname /home/maurog/daten/mustafa/entwicklung/windows/lazarus/FireBird/turbobird/src/handle_scripts/../../bin/x86_64-win64-win-debug/TurboBird_x86_64-win64-win-debug/TurboBird_x86_64-win64-win-debug-v1.2.1.1262.exe
+ DST_DIR=/home/maurog/daten/mustafa/entwicklung/windows/lazarus/FireBird/turbobird/src/handle_scripts/../../bin/x86_64-win64-win-debug/TurboBird_x86_64-win64-win-debug
++ basename /home/maurog/daten/mustafa/entwicklung/windows/lazarus/FireBird/turbobird/src/handle_scripts/../../bin/x86_64-win64-win-debug/TurboBird_x86_64-win64-win-debug/TurboBird_x86_64-win64-win-debug-v1.2.1.1262.exe
+ DST_FILENAME=TurboBird_x86_64-win64-win-debug-v1.2.1.1262.exe
+ '[' ON = ON ']'
+ BASENAME_RAW=TurboBird_x86_64-win64-win-debug
+ VERSION_TAG=-v1.2.1.1262
+ KEEP_BIN=TurboBird_x86_64-win64-win-debug-v1.2.1.1262
+ '[' true = true ']'
+ KEEP_EXE=TurboBird_x86_64-win64-win-debug-v1.2.1.1262.exe
+ KEEP_ZIP=TurboBird_x86_64-win64-win-debug-v1.2.1.1262.exe.zip
+ '[' ON = ON ']'
+ log '🧹 Cleaning up old versions of: TurboBird_x86_64-win64-win-debug'
+ echo '🧹 Cleaning up old versions of: TurboBird_x86_64-win64-win-debug'
🧹 Cleaning up old versions of: TurboBird_x86_64-win64-win-debug
+ '[' ON = ON ']'
🧹 Cleaning up old versions of: TurboBird_x86_64-win64-win-debug
+ echo '🧹 Cleaning up old versions of: TurboBird_x86_64-win64-win-debug'
+ find /home/maurog/daten/mustafa/entwicklung/windows/lazarus/FireBird/turbobird/src/handle_scripts/../../bin/x86_64-win64-win-debug/TurboBird_x86_64-win64-win-debug -type f -name 'TurboBird_x86_64-win64-win-debug-v*.zip' '!' -name TurboBird_x86_64-win64-win-debug-v1.2.1.1262.exe.zip '!' -name '*.ini' -exec bash -c 'echo "🗑️ Deleting old ZIP: $1"; rm -v "$1"' _ '{}' ';'
+ find /home/maurog/daten/mustafa/entwicklung/windows/lazarus/FireBird/turbobird/src/handle_scripts/../../bin/x86_64-win64-win-debug/TurboBird_x86_64-win64-win-debug -type f -name 'TurboBird_x86_64-win64-win-debug-v*' '!' -name TurboBird_x86_64-win64-win-debug-v1.2.1.1262 '!' -name TurboBird_x86_64-win64-win-debug-v1.2.1.1262.exe '!' -name TurboBird_x86_64-win64-win-debug-v1.2.1.1262.exe.zip '!' -name '*.zip' '!' -name '*.ini' -exec bash -c 'echo "🗑️ Deleting old binary: $1"; rm -v "$1"' _ '{}' ';'
