🕒 Started: Do 04 Jun 2026 15:05:51 CEST
🚀 Starting handle script for TurboBird [x86_64-linux64-gtk2-release], version 1.2.1.1273
📌 SRC initially points to: /home/maurog/daten/mustafa/entwicklung/windows/lazarus/FireBird/turbobird/src/handle_scripts/../../bin/x86_64-linux64-gtk2-release/TurboBird_x86_64-linux64-gtk2-release/TurboBird_x86_64-linux64-gtk2-release
+ '[' ON = ON ']'
+ log '🚀 Starting handle script for TurboBird [x86_64-linux64-gtk2-release], version 1.2.1.1273'
+ echo '🚀 Starting handle script for TurboBird [x86_64-linux64-gtk2-release], version 1.2.1.1273'
🚀 Starting handle script for TurboBird [x86_64-linux64-gtk2-release], version 1.2.1.1273
+ '[' ON = ON ']'
+ echo '🚀 Starting handle script for TurboBird [x86_64-linux64-gtk2-release], version 1.2.1.1273'
+ SRC=/home/maurog/daten/mustafa/entwicklung/windows/lazarus/FireBird/turbobird/src/handle_scripts/../../bin/x86_64-linux64-gtk2-release/TurboBird_x86_64-linux64-gtk2-release/TurboBird_x86_64-linux64-gtk2-release
+ '[' -f /home/maurog/daten/mustafa/entwicklung/windows/lazarus/FireBird/turbobird/src/handle_scripts/../../bin/x86_64-linux64-gtk2-release/TurboBird_x86_64-linux64-gtk2-release/TurboBird_x86_64-linux64-gtk2-release.exe ']'
+ log '📌 SRC initially points to: /home/maurog/daten/mustafa/entwicklung/windows/lazarus/FireBird/turbobird/src/handle_scripts/../../bin/x86_64-linux64-gtk2-release/TurboBird_x86_64-linux64-gtk2-release/TurboBird_x86_64-linux64-gtk2-release'
+ echo '📌 SRC initially points to: /home/maurog/daten/mustafa/entwicklung/windows/lazarus/FireBird/turbobird/src/handle_scripts/../../bin/x86_64-linux64-gtk2-release/TurboBird_x86_64-linux64-gtk2-release/TurboBird_x86_64-linux64-gtk2-release'
📌 SRC initially points to: /home/maurog/daten/mustafa/entwicklung/windows/lazarus/FireBird/turbobird/src/handle_scripts/../../bin/x86_64-linux64-gtk2-release/TurboBird_x86_64-linux64-gtk2-release/TurboBird_x86_64-linux64-gtk2-release
+ '[' ON = ON ']'
+ echo '📌 SRC initially points to: /home/maurog/daten/mustafa/entwicklung/windows/lazarus/FireBird/turbobird/src/handle_scripts/../../bin/x86_64-linux64-gtk2-release/TurboBird_x86_64-linux64-gtk2-release/TurboBird_x86_64-linux64-gtk2-release'
+ handle_file /home/maurog/daten/mustafa/entwicklung/windows/lazarus/FireBird/turbobird/src/handle_scripts/../../bin/x86_64-linux64-gtk2-release/TurboBird_x86_64-linux64-gtk2-release/TurboBird_x86_64-linux64-gtk2-release
+ local src=/home/maurog/daten/mustafa/entwicklung/windows/lazarus/FireBird/turbobird/src/handle_scripts/../../bin/x86_64-linux64-gtk2-release/TurboBird_x86_64-linux64-gtk2-release/TurboBird_x86_64-linux64-gtk2-release
+ DST=/home/maurog/daten/mustafa/entwicklung/windows/lazarus/FireBird/turbobird/src/handle_scripts/../../bin/x86_64-linux64-gtk2-release/TurboBird_x86_64-linux64-gtk2-release/TurboBird_x86_64-linux64-gtk2-release
+ '[' ON = ON ']'
+ [[ /home/maurog/daten/mustafa/entwicklung/windows/lazarus/FireBird/turbobird/src/handle_scripts/../../bin/x86_64-linux64-gtk2-release/TurboBird_x86_64-linux64-gtk2-release/TurboBird_x86_64-linux64-gtk2-release == *.exe ]]
+ DST=/home/maurog/daten/mustafa/entwicklung/windows/lazarus/FireBird/turbobird/src/handle_scripts/../../bin/x86_64-linux64-gtk2-release/TurboBird_x86_64-linux64-gtk2-release/TurboBird_x86_64-linux64-gtk2-release-v1.2.1.1273
+ mv /home/maurog/daten/mustafa/entwicklung/windows/lazarus/FireBird/turbobird/src/handle_scripts/../../bin/x86_64-linux64-gtk2-release/TurboBird_x86_64-linux64-gtk2-release/TurboBird_x86_64-linux64-gtk2-release /home/maurog/daten/mustafa/entwicklung/windows/lazarus/FireBird/turbobird/src/handle_scripts/../../bin/x86_64-linux64-gtk2-release/TurboBird_x86_64-linux64-gtk2-release/TurboBird_x86_64-linux64-gtk2-release-v1.2.1.1273
✅ File renamed with version: /home/maurog/daten/mustafa/entwicklung/windows/lazarus/FireBird/turbobird/src/handle_scripts/../../bin/x86_64-linux64-gtk2-release/TurboBird_x86_64-linux64-gtk2-release/TurboBird_x86_64-linux64-gtk2-release-v1.2.1.1273
+ log '✅ File renamed with version: /home/maurog/daten/mustafa/entwicklung/windows/lazarus/FireBird/turbobird/src/handle_scripts/../../bin/x86_64-linux64-gtk2-release/TurboBird_x86_64-linux64-gtk2-release/TurboBird_x86_64-linux64-gtk2-release-v1.2.1.1273'
+ echo '✅ File renamed with version: /home/maurog/daten/mustafa/entwicklung/windows/lazarus/FireBird/turbobird/src/handle_scripts/../../bin/x86_64-linux64-gtk2-release/TurboBird_x86_64-linux64-gtk2-release/TurboBird_x86_64-linux64-gtk2-release-v1.2.1.1273'
✅ File renamed with version: /home/maurog/daten/mustafa/entwicklung/windows/lazarus/FireBird/turbobird/src/handle_scripts/../../bin/x86_64-linux64-gtk2-release/TurboBird_x86_64-linux64-gtk2-release/TurboBird_x86_64-linux64-gtk2-release-v1.2.1.1273
+ '[' ON = ON ']'
+ echo '✅ File renamed with version: /home/maurog/daten/mustafa/entwicklung/windows/lazarus/FireBird/turbobird/src/handle_scripts/../../bin/x86_64-linux64-gtk2-release/TurboBird_x86_64-linux64-gtk2-release/TurboBird_x86_64-linux64-gtk2-release-v1.2.1.1273'
+ '[' ON = ON ']'
+ file /home/maurog/daten/mustafa/entwicklung/windows/lazarus/FireBird/turbobird/src/handle_scripts/../../bin/x86_64-linux64-gtk2-release/TurboBird_x86_64-linux64-gtk2-release/TurboBird_x86_64-linux64-gtk2-release-v1.2.1.1273
+ grep -q -e ELF -e PE32
+ strip /home/maurog/daten/mustafa/entwicklung/windows/lazarus/FireBird/turbobird/src/handle_scripts/../../bin/x86_64-linux64-gtk2-release/TurboBird_x86_64-linux64-gtk2-release/TurboBird_x86_64-linux64-gtk2-release-v1.2.1.1273
+ log '🔧 Binary stripped: /home/maurog/daten/mustafa/entwicklung/windows/lazarus/FireBird/turbobird/src/handle_scripts/../../bin/x86_64-linux64-gtk2-release/TurboBird_x86_64-linux64-gtk2-release/TurboBird_x86_64-linux64-gtk2-release-v1.2.1.1273'
+ echo '🔧 Binary stripped: /home/maurog/daten/mustafa/entwicklung/windows/lazarus/FireBird/turbobird/src/handle_scripts/../../bin/x86_64-linux64-gtk2-release/TurboBird_x86_64-linux64-gtk2-release/TurboBird_x86_64-linux64-gtk2-release-v1.2.1.1273'
🔧 Binary stripped: /home/maurog/daten/mustafa/entwicklung/windows/lazarus/FireBird/turbobird/src/handle_scripts/../../bin/x86_64-linux64-gtk2-release/TurboBird_x86_64-linux64-gtk2-release/TurboBird_x86_64-linux64-gtk2-release-v1.2.1.1273
+ '[' ON = ON ']'
+ echo '🔧 Binary stripped: /home/maurog/daten/mustafa/entwicklung/windows/lazarus/FireBird/turbobird/src/handle_scripts/../../bin/x86_64-linux64-gtk2-release/TurboBird_x86_64-linux64-gtk2-release/TurboBird_x86_64-linux64-gtk2-release-v1.2.1.1273'
🔧 Binary stripped: /home/maurog/daten/mustafa/entwicklung/windows/lazarus/FireBird/turbobird/src/handle_scripts/../../bin/x86_64-linux64-gtk2-release/TurboBird_x86_64-linux64-gtk2-release/TurboBird_x86_64-linux64-gtk2-release-v1.2.1.1273
+ chmod +x /home/maurog/daten/mustafa/entwicklung/windows/lazarus/FireBird/turbobird/src/handle_scripts/../../bin/x86_64-linux64-gtk2-release/TurboBird_x86_64-linux64-gtk2-release/TurboBird_x86_64-linux64-gtk2-release-v1.2.1.1273
+ log '🔐 Marked as executable: /home/maurog/daten/mustafa/entwicklung/windows/lazarus/FireBird/turbobird/src/handle_scripts/../../bin/x86_64-linux64-gtk2-release/TurboBird_x86_64-linux64-gtk2-release/TurboBird_x86_64-linux64-gtk2-release-v1.2.1.1273'
+ echo '🔐 Marked as executable: /home/maurog/daten/mustafa/entwicklung/windows/lazarus/FireBird/turbobird/src/handle_scripts/../../bin/x86_64-linux64-gtk2-release/TurboBird_x86_64-linux64-gtk2-release/TurboBird_x86_64-linux64-gtk2-release-v1.2.1.1273'
🔐 Marked as executable: /home/maurog/daten/mustafa/entwicklung/windows/lazarus/FireBird/turbobird/src/handle_scripts/../../bin/x86_64-linux64-gtk2-release/TurboBird_x86_64-linux64-gtk2-release/TurboBird_x86_64-linux64-gtk2-release-v1.2.1.1273
+ '[' ON = ON ']'
+ echo '🔐 Marked as executable: /home/maurog/daten/mustafa/entwicklung/windows/lazarus/FireBird/turbobird/src/handle_scripts/../../bin/x86_64-linux64-gtk2-release/TurboBird_x86_64-linux64-gtk2-release/TurboBird_x86_64-linux64-gtk2-release-v1.2.1.1273'
🔐 Marked as executable: /home/maurog/daten/mustafa/entwicklung/windows/lazarus/FireBird/turbobird/src/handle_scripts/../../bin/x86_64-linux64-gtk2-release/TurboBird_x86_64-linux64-gtk2-release/TurboBird_x86_64-linux64-gtk2-release-v1.2.1.1273
+ '[' ON = ON ']'
+ '[' false = true ']'
+ '[' ON = ON ']'
📦 Compressing file, please wait...
+ ZIP_FILE=/home/maurog/daten/mustafa/entwicklung/windows/lazarus/FireBird/turbobird/src/handle_scripts/../../bin/x86_64-linux64-gtk2-release/TurboBird_x86_64-linux64-gtk2-release/TurboBird_x86_64-linux64-gtk2-release-v1.2.1.1273.zip
+ log '📦 Compressing file, please wait...'
+ echo '📦 Compressing file, please wait...'
📦 Compressing file, please wait...
+ '[' ON = ON ']'
+ echo '📦 Compressing file, please wait...'
+ zip -j -q /home/maurog/daten/mustafa/entwicklung/windows/lazarus/FireBird/turbobird/src/handle_scripts/../../bin/x86_64-linux64-gtk2-release/TurboBird_x86_64-linux64-gtk2-release/TurboBird_x86_64-linux64-gtk2-release-v1.2.1.1273.zip /home/maurog/daten/mustafa/entwicklung/windows/lazarus/FireBird/turbobird/src/handle_scripts/../../bin/x86_64-linux64-gtk2-release/TurboBird_x86_64-linux64-gtk2-release/TurboBird_x86_64-linux64-gtk2-release-v1.2.1.1273
++ stat -c%s /home/maurog/daten/mustafa/entwicklung/windows/lazarus/FireBird/turbobird/src/handle_scripts/../../bin/x86_64-linux64-gtk2-release/TurboBird_x86_64-linux64-gtk2-release/TurboBird_x86_64-linux64-gtk2-release-v1.2.1.1273.zip
+ ZIP_SIZE=34292774
++ stat -c%s /home/maurog/daten/mustafa/entwicklung/windows/lazarus/FireBird/turbobird/src/handle_scripts/../../bin/x86_64-linux64-gtk2-release/TurboBird_x86_64-linux64-gtk2-release/TurboBird_x86_64-linux64-gtk2-release-v1.2.1.1273
📦 Compressed: /home/maurog/daten/mustafa/entwicklung/windows/lazarus/FireBird/turbobird/src/handle_scripts/../../bin/x86_64-linux64-gtk2-release/TurboBird_x86_64-linux64-gtk2-release/TurboBird_x86_64-linux64-gtk2-release-v1.2.1.1273.zip (from 55MB → 32MB)
+ ORIG_SIZE=58008904
+ ((  ZIP_SIZE < ORIG_SIZE  ))
+ log '📦 Compressed: /home/maurog/daten/mustafa/entwicklung/windows/lazarus/FireBird/turbobird/src/handle_scripts/../../bin/x86_64-linux64-gtk2-release/TurboBird_x86_64-linux64-gtk2-release/TurboBird_x86_64-linux64-gtk2-release-v1.2.1.1273.zip (from 55MB → 32MB)'
+ echo '📦 Compressed: /home/maurog/daten/mustafa/entwicklung/windows/lazarus/FireBird/turbobird/src/handle_scripts/../../bin/x86_64-linux64-gtk2-release/TurboBird_x86_64-linux64-gtk2-release/TurboBird_x86_64-linux64-gtk2-release-v1.2.1.1273.zip (from 55MB → 32MB)'
📦 Compressed: /home/maurog/daten/mustafa/entwicklung/windows/lazarus/FireBird/turbobird/src/handle_scripts/../../bin/x86_64-linux64-gtk2-release/TurboBird_x86_64-linux64-gtk2-release/TurboBird_x86_64-linux64-gtk2-release-v1.2.1.1273.zip (from 55MB → 32MB)
+ '[' ON = ON ']'
+ echo '📦 Compressed: /home/maurog/daten/mustafa/entwicklung/windows/lazarus/FireBird/turbobird/src/handle_scripts/../../bin/x86_64-linux64-gtk2-release/TurboBird_x86_64-linux64-gtk2-release/TurboBird_x86_64-linux64-gtk2-release-v1.2.1.1273.zip (from 55MB → 32MB)'
++ dirname /home/maurog/daten/mustafa/entwicklung/windows/lazarus/FireBird/turbobird/src/handle_scripts/../../bin/x86_64-linux64-gtk2-release/TurboBird_x86_64-linux64-gtk2-release/TurboBird_x86_64-linux64-gtk2-release-v1.2.1.1273
+ DST_DIR=/home/maurog/daten/mustafa/entwicklung/windows/lazarus/FireBird/turbobird/src/handle_scripts/../../bin/x86_64-linux64-gtk2-release/TurboBird_x86_64-linux64-gtk2-release
++ basename /home/maurog/daten/mustafa/entwicklung/windows/lazarus/FireBird/turbobird/src/handle_scripts/../../bin/x86_64-linux64-gtk2-release/TurboBird_x86_64-linux64-gtk2-release/TurboBird_x86_64-linux64-gtk2-release-v1.2.1.1273
🧹 Cleaning up old versions of: TurboBird_x86_64-linux64-gtk2-release
+ DST_FILENAME=TurboBird_x86_64-linux64-gtk2-release-v1.2.1.1273
+ '[' ON = ON ']'
+ BASENAME_RAW=TurboBird_x86_64-linux64-gtk2-release
+ VERSION_TAG=-v1.2.1.1273
+ KEEP_BIN=TurboBird_x86_64-linux64-gtk2-release-v1.2.1.1273
+ '[' false = true ']'
+ KEEP_EXE=
+ KEEP_ZIP=TurboBird_x86_64-linux64-gtk2-release-v1.2.1.1273.zip
+ '[' ON = ON ']'
+ log '🧹 Cleaning up old versions of: TurboBird_x86_64-linux64-gtk2-release'
+ echo '🧹 Cleaning up old versions of: TurboBird_x86_64-linux64-gtk2-release'
🧹 Cleaning up old versions of: TurboBird_x86_64-linux64-gtk2-release
+ '[' ON = ON ']'
+ echo '🧹 Cleaning up old versions of: TurboBird_x86_64-linux64-gtk2-release'
+ find /home/maurog/daten/mustafa/entwicklung/windows/lazarus/FireBird/turbobird/src/handle_scripts/../../bin/x86_64-linux64-gtk2-release/TurboBird_x86_64-linux64-gtk2-release -type f -name 'TurboBird_x86_64-linux64-gtk2-release-v*.zip' '!' -name TurboBird_x86_64-linux64-gtk2-release-v1.2.1.1273.zip '!' -name '*.ini' -exec bash -c 'echo "🗑️ Deleting old ZIP: $1"; rm -v "$1"' _ '{}' ';'
+ find /home/maurog/daten/mustafa/entwicklung/windows/lazarus/FireBird/turbobird/src/handle_scripts/../../bin/x86_64-linux64-gtk2-release/TurboBird_x86_64-linux64-gtk2-release -type f -name 'TurboBird_x86_64-linux64-gtk2-release-v*' '!' -name TurboBird_x86_64-linux64-gtk2-release-v1.2.1.1273 '!' -name '' '!' -name TurboBird_x86_64-linux64-gtk2-release-v1.2.1.1273.zip '!' -name '*.zip' '!' -name '*.ini' -exec bash -c 'echo "🗑️ Deleting old binary: $1"; rm -v "$1"' _ '{}' ';'
