=== 0 Database header page ===
PageSize=8192
ODS Version=12.0 (FireBird)
Page:Line=6124:23  Flags=[del]  Data(0)=
Page:Line=6124:24  Flags=[del]  Data(0)=
Page:Line=6124:25  Flags=[del]  Data(0)=
Page:Line=6124:26  Flags=[del]  Data(0)=
Page:Line=6124:27  Flags=[del]  Data(0)=
Page:Line=6124:28  Flags=[old]  Data(23)=.üý..INTEG_80é .emailć 
Page:Line=6124:29  Flags=[old]  Data(23)=.üý..INTEG_81é .tokenć 
Page:Line=6124:30  Flags=[old]  Data(22)=.üý..INTEG_77é .nameĺ 
Page:Line=6124:31  Flags=[old]  Data(23)=.üý..INTEG_78é .emailć 
Page:Line=6124:32  Flags=[old]  Data(26)=.üý..INTEG_79é .passwordé 
RelID_128_format=[40 00 05 00 01 00 28 00 04 00 00 00 04 00 00 00 09 00 04 00 00 00 00 00 2C 00 00 00 03 00 F2 00 04 00 00 00 30 00 00 00 03 00 EA 03 04 00 00 00 22 01 00 00 03 00 3A 00 04 00 00 00 0C 05 00 00 00 00]
Rec count (Size div RecSize)=5
FORMAT raw=[01 00 28 00 04 00 00 00 04 00 00 00]  DType=1(14) Scale=0 Len=40(40) SubType=4(0) Flags=0 Offs=4
FORMAT raw=[09 00 04 00 00 00 00 00 2C 00 00 00]  DType=9(8) Scale=0 Len=4(4) SubType=0(0) Flags=0 Offs=44
FORMAT raw=[03 00 F2 00 04 00 00 00 30 00 00 00]  DType=3(37) Scale=0 Len=242(240) SubType=4(0) Flags=0 Offs=48
FORMAT raw=[03 00 EA 03 04 00 00 00 22 01 00 00]  DType=3(37) Scale=0 Len=1002(1000) SubType=4(0) Flags=0 Offs=290
FORMAT raw=[03 00 3A 00 04 00 00 00 0C 05 00 00]  DType=3(37) Scale=0 Len=58(56) SubType=4(0) Flags=0 Offs=1292
RelID_129_format=[34 00 04 00 11 04 08 00 01 00 00 00 08 00 00 00 13 FE 08 00 01 00 00 00 10 00 00 00 09 00 04 00 00 00 00 00 18 00 00 00 03 00 92 01 04 00 00 00 1C 00 00 00 00 00]
Rec count (Size div RecSize)=4
FORMAT raw=[11 04 08 00 01 00 00 00 08 00 00 00]  DType=17(261) Scale=4 Len=8(8) SubType=1(1) Flags=0 Offs=8
FORMAT raw=[13 FE 08 00 01 00 00 00 10 00 00 00]  DType=19(16) Scale=-2 Len=8(8) SubType=1(1) Flags=0 Offs=16
FORMAT raw=[09 00 04 00 00 00 00 00 18 00 00 00]  DType=9(8) Scale=0 Len=4(4) SubType=0(0) Flags=0 Offs=24
FORMAT raw=[03 00 92 01 04 00 00 00 1C 00 00 00]  DType=3(37) Scale=0 Len=402(400) SubType=4(0) Flags=0 Offs=28
RelID_130_format=[40 00 05 00 13 00 08 00 01 00 00 00 08 00 00 00 13 FE 08 00 01 00 00 00 10 00 00 00 09 00 04 00 00 00 00 00 18 00 00 00 09 00 04 00 00 00 00 00 1C 00 00 00 09 00 04 00 00 00 00 00 20 00 00 00 00 00]
Rec count (Size div RecSize)=5
FORMAT raw=[13 00 08 00 01 00 00 00 08 00 00 00]  DType=19(16) Scale=0 Len=8(8) SubType=1(1) Flags=0 Offs=8
FORMAT raw=[13 FE 08 00 01 00 00 00 10 00 00 00]  DType=19(16) Scale=-2 Len=8(8) SubType=1(1) Flags=0 Offs=16
FORMAT raw=[09 00 04 00 00 00 00 00 18 00 00 00]  DType=9(8) Scale=0 Len=4(4) SubType=0(0) Flags=0 Offs=24
FORMAT raw=[09 00 04 00 00 00 00 00 1C 00 00 00]  DType=9(8) Scale=0 Len=4(4) SubType=0(0) Flags=0 Offs=28
FORMAT raw=[09 00 04 00 00 00 00 00 20 00 00 00]  DType=9(8) Scale=0 Len=4(4) SubType=0(0) Flags=0 Offs=32
RelID_131_format=[52 00 05 00 13 FE 08 00 01 00 00 00 08 00 00 00 10 00 08 00 00 00 00 00 10 00 00 00 09 00 04 00 00 00 00 00 18 00 00 00 09 00 04 00 00 00 00 00 1C 00 00 00 08 00 02 00 00 00 00 00 20 00 00 00 01 00 04 00 09 00 04 00 00 00 00 00 00 00 00 00 00 00 00 00]
Rec count (Size div RecSize)=6
FORMAT raw=[13 FE 08 00 01 00 00 00 08 00 00 00]  DType=19(16) Scale=-2 Len=8(8) SubType=1(1) Flags=0 Offs=8
FORMAT raw=[10 00 08 00 00 00 00 00 10 00 00 00]  DType=16(35) Scale=0 Len=8(8) SubType=0(0) Flags=0 Offs=16
FORMAT raw=[09 00 04 00 00 00 00 00 18 00 00 00]  DType=9(8) Scale=0 Len=4(4) SubType=0(0) Flags=0 Offs=24
FORMAT raw=[09 00 04 00 00 00 00 00 1C 00 00 00]  DType=9(8) Scale=0 Len=4(4) SubType=0(0) Flags=0 Offs=28
FORMAT raw=[08 00 02 00 00 00 00 00 20 00 00 00]  DType=8(7) Scale=0 Len=2(2) SubType=0(0) Flags=0 Offs=32
RelID_132_format=[1C 00 02 00 09 00 04 00 00 00 00 00 04 00 00 00 03 00 FE 00 04 00 00 00 08 00 00 00 00 00]
Rec count (Size div RecSize)=2
FORMAT raw=[09 00 04 00 00 00 00 00 04 00 00 00]  DType=9(8) Scale=0 Len=4(4) SubType=0(0) Flags=0 Offs=4
FORMAT raw=[03 00 FE 00 04 00 00 00 08 00 00 00]  DType=3(37) Scale=0 Len=254(252) SubType=4(0) Flags=0 Offs=8
RelID_133_format=[28 00 03 00 09 00 04 00 00 00 00 00 04 00 00 00 03 00 FE 00 04 00 00 00 08 00 00 00 03 00 FE 00 04 00 00 00 06 01 00 00 00 00]
Rec count (Size div RecSize)=3
FORMAT raw=[09 00 04 00 00 00 00 00 04 00 00 00]  DType=9(8) Scale=0 Len=4(4) SubType=0(0) Flags=0 Offs=4
FORMAT raw=[03 00 FE 00 04 00 00 00 08 00 00 00]  DType=3(37) Scale=0 Len=254(252) SubType=4(0) Flags=0 Offs=8
FORMAT raw=[03 00 FE 00 04 00 00 00 06 01 00 00]  DType=3(37) Scale=0 Len=254(252) SubType=4(0) Flags=0 Offs=262
RelID_134_format=[28 00 03 00 09 00 04 00 00 00 00 00 04 00 00 00 09 00 04 00 00 00 00 00 08 00 00 00 09 00 04 00 00 00 00 00 0C 00 00 00 00 00]
Rec count (Size div RecSize)=3
FORMAT raw=[09 00 04 00 00 00 00 00 04 00 00 00]  DType=9(8) Scale=0 Len=4(4) SubType=0(0) Flags=0 Offs=4
FORMAT raw=[09 00 04 00 00 00 00 00 08 00 00 00]  DType=9(8) Scale=0 Len=4(4) SubType=0(0) Flags=0 Offs=8
FORMAT raw=[09 00 04 00 00 00 00 00 0C 00 00 00]  DType=9(8) Scale=0 Len=4(4) SubType=0(0) Flags=0 Offs=12
RelID_135_format=[1C 00 02 00 03 00 FE 03 04 00 00 00 04 00 00 00 09 00 04 00 00 00 00 00 04 04 00 00 00 00]
Rec count (Size div RecSize)=2
FORMAT raw=[03 00 FE 03 04 00 00 00 04 00 00 00]  DType=3(37) Scale=0 Len=1022(1020) SubType=4(0) Flags=0 Offs=4
FORMAT raw=[09 00 04 00 00 00 00 00 04 04 00 00]  DType=9(8) Scale=0 Len=4(4) SubType=0(0) Flags=0 Offs=1028
RelID_148_format=[58 00 07 00 09 00 04 00 00 00 00 00 04 00 00 00 03 00 FE 03 04 00 00 00 08 00 00 00 03 00 FE 03 04 00 00 00 06 04 00 00 03 00 FE 03 04 00 00 00 04 08 00 00 03 00 92 01 04 00 00 00 02 0C 00 00 10 00 08 00 00 00 00 00 98 0D 00 00 10 00 08 00 00 00 00 00 A0 0D 00 00 00 00]
Rec count (Size div RecSize)=7
FORMAT raw=[09 00 04 00 00 00 00 00 04 00 00 00]  DType=9(8) Scale=0 Len=4(4) SubType=0(0) Flags=0 Offs=4
FORMAT raw=[03 00 FE 03 04 00 00 00 08 00 00 00]  DType=3(37) Scale=0 Len=1022(1020) SubType=4(0) Flags=0 Offs=8
FORMAT raw=[03 00 FE 03 04 00 00 00 06 04 00 00]  DType=3(37) Scale=0 Len=1022(1020) SubType=4(0) Flags=0 Offs=1030
FORMAT raw=[03 00 FE 03 04 00 00 00 04 08 00 00]  DType=3(37) Scale=0 Len=1022(1020) SubType=4(0) Flags=0 Offs=2052
FORMAT raw=[03 00 92 01 04 00 00 00 02 0C 00 00]  DType=3(37) Scale=0 Len=402(400) SubType=4(0) Flags=0 Offs=3074
FORMAT raw=[10 00 08 00 00 00 00 00 98 0D 00 00]  DType=16(35) Scale=0 Len=8(8) SubType=0(0) Flags=0 Offs=3480
FORMAT raw=[10 00 08 00 00 00 00 00 A0 0D 00 00]  DType=16(35) Scale=0 Len=8(8) SubType=0(0) Flags=0 Offs=3488
RelID_149_format=[28 00 03 00 03 00 FE 03 04 00 00 00 04 00 00 00 03 00 FE 03 04 00 00 00 02 04 00 00 10 00 08 00 00 00 00 00 00 08 00 00 00 00]
Rec count (Size div RecSize)=3
FORMAT raw=[03 00 FE 03 04 00 00 00 04 00 00 00]  DType=3(37) Scale=0 Len=1022(1020) SubType=4(0) Flags=0 Offs=4
FORMAT raw=[03 00 FE 03 04 00 00 00 02 04 00 00]  DType=3(37) Scale=0 Len=1022(1020) SubType=4(0) Flags=0 Offs=1026
FORMAT raw=[10 00 08 00 00 00 00 00 00 08 00 00]  DType=16(35) Scale=0 Len=8(8) SubType=0(0) Flags=0 Offs=2048
== TableName=CUSTOMER  RelationID=128
== TableName=INVOICE  RelationID=131
== TableName=INVOICE_LINE  RelationID=130
== TableName=CUSTOMER  RelationID=128
