=== 0 Database header page ===
PageSize=16384
ODS Version=12.0 (FireBird)
Page:Line=163:68  Flags=[del]  Data(0)=
Page:Line=163:69  Flags=[del]  Data(0)=
Page:Line=163:70  Flags=[del]  Data(0)=
Page:Line=163:71  Flags=[del]  Data(0)=
Page:Line=163:72  Flags=[del]  Data(0)=
Page:Line=163:73  Flags=[del]  Data(0)=
Page:Line=163:74  Flags=[del]  Data(0)=
Page:Line=163:75  Flags=[del]  Data(0)=
Page:Line=163:76  Flags=[del]  Data(0)=
Page:Line=163:77  Flags=[del]  Data(0)=
Page:Line=163:78  Flags=[del]  Data(0)=
Page:Line=163:79  Flags=[del]  Data(0)=
Page:Line=163:80  Flags=[del]  Data(0)=
Page:Line=163:81  Flags=[del]  Data(0)=
Page:Line=163:82  Flags=[del]  Data(0)=
Page:Line=163:83  Flags=[del]  Data(0)=
Page:Line=163:84  Flags=[del]  Data(0)=
Page:Line=163:85  Flags=[del]  Data(0)=
Page:Line=163:86  Flags=[del]  Data(0)=
Page:Line=163:87  Flags=[del]  Data(0)=
Page:Line=163:88  Flags=[del]  Data(0)=
Page:Line=163:89  Flags=[del]  Data(0)=
Page:Line=163:90  Flags=[del]  Data(0)=
Page:Line=163:91  Flags=[del]  Data(0)=
Page:Line=163:92  Flags=[del]  Data(0)=
Page:Line=163:93  Flags=[del]  Data(0)=
Page:Line=163:94  Flags=[del]  Data(0)=
Page:Line=163:95  Flags=[del]  Data(0)=
Page:Line=163:96  Flags=[del]  Data(0)=
Page:Line=163:97  Flags=[del]  Data(0)=
Page:Line=163:98  Flags=[del]  Data(0)=
Page:Line=163:99  Flags=[del]  Data(0)=
Page:Line=163:100  Flags=[del]  Data(0)=
Page:Line=163:101  Flags=[del]  Data(0)=
Page:Line=163:102  Flags=[del]  Data(0)=
Page:Line=163:103  Flags=[del]  Data(0)=
Page:Line=163:104  Flags=[del]  Data(0)=
Page:Line=163:105  Flags=[del]  Data(0)=
Page:Line=163:106  Flags=[del]  Data(0)=
Page:Line=163:107  Flags=[del]  Data(0)=
Page:Line=163:108  Flags=[del]  Data(0)=
Page:Line=163:109  Flags=[del]  Data(0)=
Page:Line=163:110  Flags=[del]  Data(0)=
Page:Line=163:111  Flags=[del]  Data(0)=
Page:Line=163:112  Flags=[del]  Data(0)=
Page:Line=163:113  Flags=[del]  Data(0)=
Page:Line=163:114  Flags=[del]  Data(0)=
Page:Line=163:115  Flags=[del]  Data(0)=
Page:Line=163:116  Flags=[del]  Data(0)=
Page:Line=163:117  Flags=[del]  Data(0)=
Page:Line=163:118  Flags=[del]  Data(0)=
Page:Line=163:119  Flags=[del]  Data(0)=
Page:Line=163:120  Flags=[del]  Data(0)=
Page:Line=163:121  Flags=[del]  Data(0)=
Page:Line=163:122  Flags=[del]  Data(0)=
Page:Line=163:123  Flags=[del]  Data(0)=
Page:Line=163:124  Flags=[del]  Data(0)=
Page:Line=163:125  Flags=[del]  Data(0)=
Page:Line=163:126  Flags=[del]  Data(0)=
Page:Line=163:127  Flags=[del]  Data(0)=
Page:Line=163:128  Flags=[del]  Data(0)=
Page:Line=163:129  Flags=[del]  Data(0)=
Page:Line=163:181  Flags=[old]  Data(53)=.ţp˙ČRDB$141č «..ü..%€.Ç..˙....ý..SQL$510č .SYSDBAç 
Page:Line=163:182  Flags=[old]  Data(53)=.ţp˙ČRDB$142č «..ü..%€.Ç..˙....ý..SQL$511č .SYSDBAç 
Page:Line=163:183  Flags=[old]  Data(53)=.ţp˙ČRDB$143č «..ü..%€.Ç..˙....ý..SQL$512č .SYSDBAç 
Page:Line=163:184  Flags=[old]  Data(45)=.ţp˙ÇRDB$144č «...ý...€.ż..SQL$513č .SYSDBAç 
Page:Line=163:185  Flags=[old]  Data(53)=.ţp˙ČRDB$145č «..ü..%€.Ç..˙....ý..SQL$514č .SYSDBAç 
Page:Line=163:186  Flags=[old]  Data(53)=.ţp˙ČRDB$146č «..ü..%€.Ç..˙....ý..SQL$515č .SYSDBAç 
Page:Line=163:187  Flags=[old]  Data(53)=.ţp˙ČRDB$147č «..ü..%€.Ç..˙....ý..SQL$516č .SYSDBAç 
Page:Line=163:188  Flags=[old]  Data(53)=.ţp˙ČRDB$148č «..ü..%€.Ç..˙....ý..SQL$517č .SYSDBAç 
Page:Line=163:189  Flags=[old]  Data(45)=.ţp˙ÇRDB$149č «...ý...€.ż..SQL$518č .SYSDBAç 
Page:Line=163:190  Flags=[old]  Data(45)=.ţp˙ÇRDB$150č «...ý...€.ż..SQL$519č .SYSDBAç 
Page:Line=163:191  Flags=[old]  Data(53)=.ţp˙ČRDB$172č «..ü..%€.Ç..˙....ý..SQL$541č .SYSDBAç 
Page:Line=163:192  Flags=[old]  Data(53)=.ţp˙ČRDB$173č «..ü..%€.Ç..˙....ý..SQL$542č .SYSDBAç 
Page:Line=163:193  Flags=[old]  Data(53)=.ţp˙ČRDB$174č «..ü..%€.Ç..˙....ý..SQL$543č .SYSDBAç 
Page:Line=163:194  Flags=[old]  Data(45)=.ţp˙ÇRDB$175č «...ý...€.ż..SQL$544č .SYSDBAç 
Page:Line=163:195  Flags=[old]  Data(53)=.ţp˙ČRDB$176č «..ü..%€.Ç..˙....ý..SQL$545č .SYSDBAç 
Page:Line=163:196  Flags=[old]  Data(53)=.ţp˙ČRDB$177č «..ü..%€.Ç..˙....ý..SQL$546č .SYSDBAç 
Page:Line=163:197  Flags=[old]  Data(53)=.ţp˙ČRDB$178č «..ü..%€.Ç..˙....ý..SQL$547č .SYSDBAç 
Page:Line=163:198  Flags=[old]  Data(53)=.ţp˙ČRDB$179č «..ü..%€.Ç..˙....ý..SQL$548č .SYSDBAç 
Page:Line=163:199  Flags=[old]  Data(45)=.ţp˙ÇRDB$180č «...ý...€.ż..SQL$549č .SYSDBAç 
Page:Line=163:200  Flags=[old]  Data(45)=.ţp˙ÇRDB$181č «...ý...€.ż..SQL$550č .SYSDBAç 
Page:Line=163:201  Flags=[old]  Data(53)=.ţp˙ČRDB$135č «..ü..%€.Ç..˙....ý..SQL$504č .SYSDBAç 
Page:Line=163:202  Flags=[old]  Data(53)=.ţp˙ČRDB$136č «..ü..%€.Ç..˙....ý..SQL$505č .SYSDBAç 
Page:Line=163:203  Flags=[old]  Data(45)=.ţp˙ÇRDB$137č «...ý...€.ż..SQL$506č .SYSDBAç 
Page:Line=163:204  Flags=[old]  Data(45)=.ţp˙ÇRDB$138č «...ý...€.ż..SQL$507č .SYSDBAç 
Page:Line=163:205  Flags=[old]  Data(45)=.ţp˙ÇRDB$139č «...ý...€.ż..SQL$508č .SYSDBAç 
Page:Line=163:206  Flags=[old]  Data(53)=.ţp˙ČRDB$140č «..ü..%€.Ç..˙....ý..SQL$509č .SYSDBAç 
Page:Line=163:207  Flags=[old]  Data(53)=.ţp˙ČRDB$131č «..ü..%€.Ç..˙....ý..SQL$500č .SYSDBAç 
Page:Line=163:208  Flags=[old]  Data(45)=.ţp˙ÇRDB$132č «...ý...€.ż..SQL$501č .SYSDBAç 
Page:Line=163:209  Flags=[old]  Data(45)=.ţp˙ÇRDB$133č «...ý...€.ż..SQL$502č .SYSDBAç 
Page:Line=163:210  Flags=[old]  Data(45)=.ţp˙ÇRDB$134č «...ý...€.ż..SQL$503č .SYSDBAç 
Page:Line=163:211  Flags=[old]  Data(53)=.ţp˙ČRDB$127č «..ü..%€.Ç..˙....ý..SQL$496č .SYSDBAç 
Page:Line=163:212  Flags=[old]  Data(53)=.ţp˙ČRDB$128č «..ü..%€.Ç..˙....ý..SQL$497č .SYSDBAç 
Page:Line=163:213  Flags=[old]  Data(45)=.ţp˙ÇRDB$129č «...ý...€.ż..SQL$498č .SYSDBAç 
Page:Line=163:214  Flags=[old]  Data(53)=.ţp˙ČRDB$130č «..ü..%€.Ç..˙....ý..SQL$499č .SYSDBAç 
Page:Line=163:215  Flags=[old]  Data(53)=.ţp˙ČRDB$154č «..ü..%€.Ç..˙....ý..SQL$523č .SYSDBAç 
Page:Line=163:216  Flags=[old]  Data(53)=.ţp˙ČRDB$155č «..ü..%€.Ç..˙....ý..SQL$524č .SYSDBAç 
Page:Line=163:217  Flags=[old]  Data(45)=.ţp˙ÇRDB$156č «...ý...€.ż..SQL$525č .SYSDBAç 
Page:Line=163:218  Flags=[old]  Data(53)=.ţp˙ČRDB$157č «..ü..%€.Ç..˙....ý..SQL$526č .SYSDBAç 
Page:Line=163:219  Flags=[old]  Data(53)=.ţp˙ČRDB$151č «..ü..%€.Ç..˙....ý..SQL$520č .SYSDBAç 
Page:Line=163:220  Flags=[old]  Data(45)=.ţp˙ÇRDB$152č «...ý...€.ż..SQL$521č .SYSDBAç 
Page:Line=163:221  Flags=[old]  Data(53)=.ţp˙ČRDB$153č «..ü..%€.Ç..˙....ý..SQL$522č .SYSDBAç 
Page:Line=163:222  Flags=[old]  Data(53)=.ţp˙ČRDB$166č «..ü..%€.Ç..˙....ý..SQL$535č .SYSDBAç 
Page:Line=163:223  Flags=[old]  Data(53)=.ţp˙ČRDB$167č «..ü..%€.Ç..˙....ý..SQL$536č .SYSDBAç 
Page:Line=163:224  Flags=[old]  Data(45)=.ţp˙ÇRDB$168č «...ý...€.ż..SQL$537č .SYSDBAç 
Page:Line=163:225  Flags=[old]  Data(45)=.ţp˙ÇRDB$169č «...ý...€.ż..SQL$538č .SYSDBAç 
Page:Line=163:226  Flags=[old]  Data(45)=.ţp˙ÇRDB$170č «...ý...€.ż..SQL$539č .SYSDBAç 
Page:Line=163:227  Flags=[old]  Data(53)=.ţp˙ČRDB$171č «..ü..%€.Ç..˙....ý..SQL$540č .SYSDBAç 
Page:Line=163:228  Flags=[old]  Data(53)=.ţp˙ČRDB$162č «..ü..%€.Ç..˙....ý..SQL$531č .SYSDBAç 
Page:Line=163:229  Flags=[old]  Data(45)=.ţp˙ÇRDB$163č «...ý...€.ż..SQL$532č .SYSDBAç 
Page:Line=163:230  Flags=[old]  Data(45)=.ţp˙ÇRDB$164č «...ý...€.ż..SQL$533č .SYSDBAç 
Page:Line=163:231  Flags=[old]  Data(45)=.ţp˙ÇRDB$165č «...ý...€.ż..SQL$534č .SYSDBAç 
Page:Line=163:232  Flags=[old]  Data(53)=.ţp˙ČRDB$158č «..ü..%€.Ç..˙....ý..SQL$527č .SYSDBAç 
Page:Line=163:233  Flags=[old]  Data(53)=.ţp˙ČRDB$159č «..ü..%€.Ç..˙....ý..SQL$528č .SYSDBAç 
Page:Line=163:234  Flags=[old]  Data(45)=.ţp˙ÇRDB$160č «...ý...€.ż..SQL$529č .SYSDBAç 
Page:Line=163:235  Flags=[old]  Data(53)=.ţp˙ČRDB$161č «..ü..%€.Ç..˙....ý..SQL$530č .SYSDBAç 
Page:Line=163:236  Flags=[old]  Data(53)=.ţp˙ČRDB$185č «..ü..%€.Ç..˙....ý..SQL$554č .SYSDBAç 
Page:Line=163:237  Flags=[old]  Data(52)=.ţp˙ČRDB$186č «..ü..%€.Ç..˙....ý..SQL$ý5č .SYSDBAç 
Page:Line=163:238  Flags=[old]  Data(45)=.ţp˙ÇRDB$187č «...ý...€.ż..SQL$556č .SYSDBAç 
Page:Line=163:239  Flags=[old]  Data(53)=.ţp˙ČRDB$188č «..ü..%€.Ç..˙....ý..SQL$557č .SYSDBAç 
Page:Line=163:240  Flags=[old]  Data(53)=.ţp˙ČRDB$182č «..ü..%€.Ç..˙....ý..SQL$551č .SYSDBAç 
Page:Line=163:241  Flags=[old]  Data(45)=.ţp˙ÇRDB$183č «...ý...€.ż..SQL$552č .SYSDBAç 
Page:Line=163:242  Flags=[old]  Data(53)=.ţp˙ČRDB$184č «..ü..%€.Ç..˙....ý..SQL$553č .SYSDBAç 
Page:Line=170:0  Flags=[del]  Data(0)=
Page:Line=170:1  Flags=[del]  Data(0)=
Page:Line=170:2  Flags=[del]  Data(0)=
Page:Line=170:3  Flags=[del]  Data(0)=
Page:Line=170:4  Flags=[del]  Data(0)=
Page:Line=170:5  Flags=[del]  Data(0)=
Page:Line=170:6  Flags=[del]  Data(0)=
Page:Line=170:7  Flags=[del]  Data(0)=
Page:Line=170:8  Flags=[del]  Data(0)=
Page:Line=170:9  Flags=[del]  Data(0)=
Page:Line=170:10  Flags=[del]  Data(0)=
Page:Line=170:11  Flags=[del]  Data(0)=
Page:Line=170:12  Flags=[del]  Data(0)=
Page:Line=170:13  Flags=[del]  Data(0)=
Page:Line=170:14  Flags=[del]  Data(0)=
Page:Line=170:15  Flags=[del]  Data(0)=
Page:Line=170:16  Flags=[del]  Data(0)=
Page:Line=170:17  Flags=[del]  Data(0)=
Page:Line=170:18  Flags=[del]  Data(0)=
Page:Line=170:19  Flags=[del]  Data(0)=
Page:Line=170:20  Flags=[old]  Data(54)=.€ëí.NATIV_FIND_FIRSTń í..DEMO_PACKAGEí á..RDB$141č ›.
Page:Line=170:21  Flags=[old]  Data(62)=.€ăí.NATIV_FIND_FIRSTń ...ď..DEMO_PACKAGEí .TEXTĺ .RDB$142č ›.
Page:Line=170:22  Flags=[old]  Data(65)=.€ăí.NATIV_FIND_FIRSTń ...ď..DEMO_PACKAGEí .PATTERNč .RDB$143č ›.
Page:Line=170:23  Flags=[old]  Data(62)=.€ăí.NATIV_FIND_FIRSTń ...ď..DEMO_PACKAGEí .PASSĺ .RDB$144č ›.
Page:Line=170:24  Flags=[old]  Data(51)=.€ëí.NATIV_REPLACEî í..DEMO_PACKAGEí á..RDB$145č ›.
Page:Line=170:25  Flags=[old]  Data(59)=.€ăí.NATIV_REPLACEî ...ď..DEMO_PACKAGEí .TEXTĺ .RDB$146č ›.
Page:Line=170:26  Flags=[old]  Data(62)=.€ăí.NATIV_REPLACEî ...ď..DEMO_PACKAGEí .PATTERNč .RDB$147č ›.
Page:Line=170:27  Flags=[old]  Data(66)=.€ăí.NATIV_REPLACEî ...ď..DEMO_PACKAGEí .REPLACEMENTě .RDB$148č ›.
Page:Line=170:28  Flags=[old]  Data(61)=.€ăí.NATIV_REPLACEî ...ď..DEMO_PACKAGEí .AMOUNTç .RDB$149č ›.
Page:Line=170:29  Flags=[old]  Data(59)=.€ăí.NATIV_REPLACEî ...ď..DEMO_PACKAGEí .PASSĺ .RDB$150č ›.
Page:Line=170:30  Flags=[old]  Data(54)=.€ëí.REGEX_FIND_FIRSTń í..DEMO_PACKAGEí á..RDB$172č ›.
Page:Line=170:31  Flags=[old]  Data(62)=.€ăí.REGEX_FIND_FIRSTń ...ď..DEMO_PACKAGEí .TEXTĺ .RDB$173č ›.
Page:Line=170:32  Flags=[old]  Data(65)=.€ăí.REGEX_FIND_FIRSTń ...ď..DEMO_PACKAGEí .PATTERNč .RDB$174č ›.
Page:Line=170:33  Flags=[old]  Data(62)=.€ăí.REGEX_FIND_FIRSTń ...ď..DEMO_PACKAGEí .PASSĺ .RDB$175č ›.
Page:Line=170:34  Flags=[old]  Data(51)=.€ëí.REGEX_REPLACEî í..DEMO_PACKAGEí á..RDB$176č ›.
Page:Line=170:35  Flags=[old]  Data(59)=.€ăí.REGEX_REPLACEî ...ď..DEMO_PACKAGEí .TEXTĺ .RDB$177č ›.
Page:Line=170:36  Flags=[old]  Data(62)=.€ăí.REGEX_REPLACEî ...ď..DEMO_PACKAGEí .PATTERNč .RDB$178č ›.
Page:Line=170:37  Flags=[old]  Data(66)=.€ăí.REGEX_REPLACEî ...ď..DEMO_PACKAGEí .REPLACEMENTě .RDB$179č ›.
Page:Line=170:38  Flags=[old]  Data(61)=.€ăí.REGEX_REPLACEî ...ď..DEMO_PACKAGEí .AMOUNTç .RDB$180č ›.
Page:Line=170:39  Flags=[old]  Data(59)=.€ăí.REGEX_REPLACEî ...ď..DEMO_PACKAGEí .PASSĺ .RDB$181č ›.
Page:Line=173:33  Flags=[del]  Data(0)=
Page:Line=173:34  Flags=[del]  Data(0)=
Page:Line=173:35  Flags=[del]  Data(0)=
Page:Line=173:36  Flags=[del]  Data(0)=
Page:Line=173:37  Flags=[del]  Data(0)=
Page:Line=173:38  Flags=[del]  Data(0)=
Page:Line=173:39  Flags=[del]  Data(0)=
Page:Line=173:40  Flags=[del]  Data(0)=
Page:Line=173:41  Flags=[del]  Data(0)=
Page:Line=173:42  Flags=[del]  Data(0)=
Page:Line=173:43  Flags=[del]  Data(0)=
Page:Line=173:44  Flags=[del]  Data(0)=
Page:Line=173:45  Flags=[del]  Data(0)=
Page:Line=173:46  Flags=[del]  Data(0)=
Page:Line=173:47  Flags=[del]  Data(0)=
Page:Line=173:48  Flags=[del]  Data(0)=
Page:Line=173:49  Flags=[del]  Data(0)=
Page:Line=173:50  Flags=[del]  Data(0)=
Page:Line=173:51  Flags=[del]  Data(0)=
Page:Line=173:52  Flags=[del]  Data(0)=
Page:Line=173:53  Flags=[del]  Data(0)=
Page:Line=173:54  Flags=[del]  Data(0)=
Page:Line=173:55  Flags=[del]  Data(0)=
Page:Line=173:56  Flags=[del]  Data(0)=
Page:Line=173:57  Flags=[del]  Data(0)=
Page:Line=173:58  Flags=[del]  Data(0)=
Page:Line=173:59  Flags=[del]  Data(0)=
Page:Line=173:60  Flags=[del]  Data(0)=
Page:Line=173:61  Flags=[del]  Data(0)=
Page:Line=173:62  Flags=[del]  Data(0)=
Page:Line=173:63  Flags=[del]  Data(0)=
Page:Line=173:64  Flags=[del]  Data(0)=
Page:Line=173:65  Flags=[del]  Data(0)=
Page:Line=173:66  Flags=[del]  Data(0)=
Page:Line=173:67  Flags=[del]  Data(0)=
Page:Line=173:68  Flags=[del]  Data(0)=
Page:Line=173:69  Flags=[del]  Data(0)=
Page:Line=173:70  Flags=[del]  Data(0)=
Page:Line=173:71  Flags=[del]  Data(0)=
Page:Line=173:72  Flags=[del]  Data(0)=
Page:Line=173:73  Flags=[del]  Data(0)=
Page:Line=173:74  Flags=[del]  Data(0)=
Page:Line=173:75  Flags=[old]  Data(53)=. ł..TEXTĺ .NATIV_FINDë ü..RDB$135č ™..DEMO_PACKAGEí 
Page:Line=173:76  Flags=[old]  Data(58)=. ł..PATTERNč .NATIV_FINDë ..ý..RDB$136č ™..DEMO_PACKAGEí 
Page:Line=173:77  Flags=[old]  Data(57)=. ł..AMOUNTç .NATIV_FINDë ..ý..RDB$137č ™..DEMO_PACKAGEí 
Page:Line=173:78  Flags=[old]  Data(55)=. ł..PASSĺ .NATIV_FINDë ..ý..RDB$138č ™..DEMO_PACKAGEí 
Page:Line=173:79  Flags=[old]  Data(57)=. ł..NUMBERç .NATIV_FINDë .....RDB$139č ™..DEMO_PACKAGEí 
Page:Line=173:80  Flags=[old]  Data(56)=. ł..MATCHć .NATIV_FINDë .....RDB$140č ™..DEMO_PACKAGEí 
Page:Line=173:81  Flags=[old]  Data(57)=. ł..GROUPSç .NATIV_GROUPSí ü..RDB$131č ™..DEMO_PACKAGEí 
Page:Line=173:82  Flags=[old]  Data(59)=. ł..NUMBERç .NATIV_GROUPSí .....RDB$132č ™..DEMO_PACKAGEí 
Page:Line=173:83  Flags=[old]  Data(59)=. ł..ORIGINç .NATIV_GROUPSí .....RDB$133č ™..DEMO_PACKAGEí 
Page:Line=173:84  Flags=[old]  Data(59)=. ł..FINISHç .NATIV_GROUPSí .....RDB$134č ™..DEMO_PACKAGEí 
Page:Line=173:85  Flags=[old]  Data(56)=. ł..TEXTĺ .NATIV_MATCHESî ü..RDB$127č ™..DEMO_PACKAGEí 
Page:Line=173:86  Flags=[old]  Data(61)=. ł..PATTERNč .NATIV_MATCHESî ..ý..RDB$128č ™..DEMO_PACKAGEí 
Page:Line=173:87  Flags=[old]  Data(60)=. ł..NUMBERç .NATIV_MATCHESî .....RDB$129č ™..DEMO_PACKAGEí 
Page:Line=173:88  Flags=[old]  Data(60)=. ł..GROUPSç .NATIV_MATCHESî .....RDB$130č ™..DEMO_PACKAGEí 
Page:Line=173:89  Flags=[old]  Data(54)=. ł..TEXTĺ .NATIV_SPLITě ü..RDB$154č ™..DEMO_PACKAGEí 
Page:Line=173:90  Flags=[old]  Data(61)=. ł..SEPARATORę .NATIV_SPLITě ..ý..RDB$155č ™..DEMO_PACKAGEí 
Page:Line=173:91  Flags=[old]  Data(58)=. ł..NUMBERç .NATIV_SPLITě .....RDB$156č ™..DEMO_PACKAGEí 
Page:Line=173:92  Flags=[old]  Data(56)=. ł..PARTĺ .NATIV_SPLITě .....RDB$157č ™..DEMO_PACKAGEí 
Page:Line=173:93  Flags=[old]  Data(60)=. ł..TEXTĺ .NATIV_SPLIT_WORDSň ü..RDB$151č ™..DEMO_PACKAGEí 
Page:Line=173:94  Flags=[old]  Data(64)=. ł..NUMBERç .NATIV_SPLIT_WORDSň .....RDB$152č ™..DEMO_PACKAGEí 
Page:Line=173:95  Flags=[old]  Data(62)=. ł..WORDĺ .NATIV_SPLIT_WORDSň .....RDB$153č ™..DEMO_PACKAGEí 
Page:Line=173:96  Flags=[old]  Data(53)=. ł..TEXTĺ .REGEX_FINDë ü..RDB$166č ™..DEMO_PACKAGEí 
Page:Line=173:97  Flags=[old]  Data(58)=. ł..PATTERNč .REGEX_FINDë ..ý..RDB$167č ™..DEMO_PACKAGEí 
Page:Line=173:98  Flags=[old]  Data(57)=. ł..AMOUNTç .REGEX_FINDë ..ý..RDB$168č ™..DEMO_PACKAGEí 
Page:Line=173:99  Flags=[old]  Data(55)=. ł..PASSĺ .REGEX_FINDë ..ý..RDB$169č ™..DEMO_PACKAGEí 
Page:Line=173:100  Flags=[old]  Data(57)=. ł..NUMBERç .REGEX_FINDë .....RDB$170č ™..DEMO_PACKAGEí 
Page:Line=173:101  Flags=[old]  Data(56)=. ł..MATCHć .REGEX_FINDë .....RDB$171č ™..DEMO_PACKAGEí 
Page:Line=173:102  Flags=[old]  Data(57)=. ł..GROUPSç .REGEX_GROUPSí ü..RDB$162č ™..DEMO_PACKAGEí 
Page:Line=173:103  Flags=[old]  Data(59)=. ł..NUMBERç .REGEX_GROUPSí .....RDB$163č ™..DEMO_PACKAGEí 
Page:Line=173:104  Flags=[old]  Data(59)=. ł..ORIGINç .REGEX_GROUPSí .....RDB$164č ™..DEMO_PACKAGEí 
Page:Line=173:105  Flags=[old]  Data(59)=. ł..FINISHç .REGEX_GROUPSí .....RDB$165č ™..DEMO_PACKAGEí 
Page:Line=173:106  Flags=[old]  Data(56)=. ł..TEXTĺ .REGEX_MATCHESî ü..RDB$158č ™..DEMO_PACKAGEí 
Page:Line=173:107  Flags=[old]  Data(61)=. ł..PATTERNč .REGEX_MATCHESî ..ý..RDB$159č ™..DEMO_PACKAGEí 
Page:Line=173:108  Flags=[old]  Data(60)=. ł..NUMBERç .REGEX_MATCHESî .....RDB$160č ™..DEMO_PACKAGEí 
Page:Line=173:109  Flags=[old]  Data(60)=. ł..GROUPSç .REGEX_MATCHESî .....RDB$161č ™..DEMO_PACKAGEí 
Page:Line=173:110  Flags=[old]  Data(54)=. ł..TEXTĺ .REGEX_SPLITě ü..RDB$185č ™..DEMO_PACKAGEí 
Page:Line=173:111  Flags=[old]  Data(61)=. ł..SEPARATORę .REGEX_SPLITě ..ý..RDB$186č ™..DEMO_PACKAGEí 
Page:Line=173:112  Flags=[old]  Data(58)=. ł..NUMBERç .REGEX_SPLITě .....RDB$187č ™..DEMO_PACKAGEí 
Page:Line=173:113  Flags=[old]  Data(56)=. ł..PARTĺ .REGEX_SPLITě .....RDB$188č ™..DEMO_PACKAGEí 
Page:Line=173:114  Flags=[old]  Data(60)=. ł..TEXTĺ .REGEX_SPLIT_WORDSň ü..RDB$182č ™..DEMO_PACKAGEí 
Page:Line=173:115  Flags=[old]  Data(64)=. ł..NUMBERç .REGEX_SPLIT_WORDSň .....RDB$183č ™..DEMO_PACKAGEí 
Page:Line=173:116  Flags=[old]  Data(62)=. ł..WORDĺ .REGEX_SPLIT_WORDSň .....RDB$184č ™..DEMO_PACKAGEí 
Page:Line=4090:106  Flags=[del]  Data(0)=
Page:Line=4090:114  Flags=[del]  Data(0)=
Page:Line=4090:115  Flags=[del]  Data(0)=
Page:Line=4090:116  Flags=[del]  Data(0)=
Page:Line=4090:117  Flags=[del]  Data(0)=
Page:Line=4090:118  Flags=[del]  Data(0)=
Page:Line=4090:119  Flags=[del]  Data(0)=
Page:Line=4090:120  Flags=[del]  Data(0)=
Page:Line=4090:121  Flags=[del]  Data(0)=
Page:Line=4090:122  Flags=[del]  Data(0)=
Page:Line=4090:123  Flags=[del]  Data(0)=
Page:Line=4090:124  Flags=[del]  Data(0)=
Page:Line=4090:125  Flags=[del]  Data(0)=
Page:Line=4090:126  Flags=[del]  Data(0)=
Page:Line=4090:127  Flags=[del]  Data(0)=
Page:Line=4090:128  Flags=[del]  Data(0)=
Page:Line=4090:129  Flags=[del]  Data(0)=
Page:Line=4090:130  Flags=[del]  Data(0)=
Page:Line=4090:131  Flags=[del]  Data(0)=
Page:Line=4090:132  Flags=[del]  Data(0)=
Page:Line=4090:133  Flags=[del]  Data(0)=
Page:Line=4090:134  Flags=[del]  Data(0)=
Page:Line=4090:135  Flags=[del]  Data(0)=
Page:Line=4090:136  Flags=[del]  Data(0)=
Page:Line=4090:137  Flags=[del]  Data(0)=
Page:Line=4090:138  Flags=[del]  Data(0)=
Page:Line=4090:139  Flags=[del]  Data(0)=
Page:Line=4090:140  Flags=[del]  Data(0)=
Page:Line=4090:141  Flags=[del]  Data(0)=
Page:Line=4090:142  Flags=[del]  Data(0)=
Page:Line=4090:143  Flags=[del]  Data(0)=
Page:Line=4090:144  Flags=[del]  Data(0)=
Page:Line=4090:145  Flags=[del]  Data(0)=
Page:Line=4090:146  Flags=[del]  Data(0)=
Page:Line=4090:147  Flags=[del]  Data(0)=
Page:Line=4090:148  Flags=[del]  Data(0)=
Page:Line=4090:149  Flags=[del]  Data(0)=
Page:Line=4090:150  Flags=[del]  Data(0)=
Page:Line=4090:151  Flags=[del]  Data(0)=
Page:Line=4090:152  Flags=[del]  Data(0)=
Page:Line=4090:153  Flags=[del]  Data(0)=
Page:Line=4090:154  Flags=[del]  Data(0)=
Page:Line=4090:155  Flags=[del]  Data(0)=
Page:Line=4090:156  Flags=[del]  Data(0)=
Page:Line=4090:157  Flags=[del]  Data(0)=
Page:Line=4090:158  Flags=[del]  Data(0)=
Page:Line=4090:159  Flags=[del]  Data(0)=
Page:Line=4090:160  Flags=[del]  Data(0)=
Page:Line=4090:161  Flags=[del]  Data(0)=
Page:Line=4090:162  Flags=[del]  Data(0)=
Page:Line=4090:163  Flags=[del]  Data(0)=
Page:Line=4090:164  Flags=[del]  Data(0)=
Page:Line=4090:165  Flags=[del]  Data(0)=
Page:Line=4090:166  Flags=[del]  Data(0)=
Page:Line=4090:167  Flags=[del]  Data(0)=
Page:Line=4090:168  Flags=[del]  Data(0)=
Page:Line=4090:169  Flags=[del]  Data(0)=
Page:Line=4090:170  Flags=[del]  Data(0)=
Page:Line=4090:171  Flags=[del]  Data(0)=
Page:Line=4090:172  Flags=[del]  Data(0)=
Page:Line=4090:173  Flags=[del]  Data(0)=
Page:Line=4090:174  Flags=[del]  Data(0)=
Page:Line=4090:175  Flags=[del]  Data(0)=
Page:Line=4090:188  Flags=[old]  Data(45)=. ý..SYSDBAç .SYSDBAç .Gű ...RDB$141č á......
Page:Line=4090:189  Flags=[old]  Data(45)=. ý..SYSDBAç .SYSDBAç .Gű ...RDB$142č á......
Page:Line=4090:190  Flags=[old]  Data(45)=. ý..SYSDBAç .SYSDBAç .Gű ...RDB$143č á......
Page:Line=4090:191  Flags=[old]  Data(45)=. ý..SYSDBAç .SYSDBAç .Gű ...RDB$144č á......
Page:Line=4090:192  Flags=[old]  Data(45)=. ý..SYSDBAç .SYSDBAç .Gű ...RDB$145č á......
Page:Line=4090:193  Flags=[old]  Data(45)=. ý..SYSDBAç .SYSDBAç .Gű ...RDB$146č á......
Page:Line=4090:194  Flags=[old]  Data(45)=. ý..SYSDBAç .SYSDBAç .Gű ...RDB$147č á......
Page:Line=4090:195  Flags=[old]  Data(45)=. ý..SYSDBAç .SYSDBAç .Gű ...RDB$148č á......
Page:Line=4090:196  Flags=[old]  Data(45)=. ý..SYSDBAç .SYSDBAç .Gű ...RDB$149č á......
Page:Line=4090:197  Flags=[old]  Data(45)=. ý..SYSDBAç .SYSDBAç .Gű ...RDB$150č á......
Page:Line=4090:198  Flags=[old]  Data(45)=. ý..SYSDBAç .SYSDBAç .Gű ...RDB$172č á......
Page:Line=4090:199  Flags=[old]  Data(45)=. ý..SYSDBAç .SYSDBAç .Gű ...RDB$173č á......
Page:Line=4090:200  Flags=[old]  Data(45)=. ý..SYSDBAç .SYSDBAç .Gű ...RDB$174č á......
Page:Line=4090:201  Flags=[old]  Data(45)=. ý..SYSDBAç .SYSDBAç .Gű ...RDB$175č á......
Page:Line=4090:202  Flags=[old]  Data(45)=. ý..SYSDBAç .SYSDBAç .Gű ...RDB$176č á......
Page:Line=4090:203  Flags=[old]  Data(45)=. ý..SYSDBAç .SYSDBAç .Gű ...RDB$177č á......
Page:Line=4090:204  Flags=[old]  Data(45)=. ý..SYSDBAç .SYSDBAç .Gű ...RDB$178č á......
Page:Line=4090:205  Flags=[old]  Data(45)=. ý..SYSDBAç .SYSDBAç .Gű ...RDB$179č á......
Page:Line=4090:206  Flags=[old]  Data(45)=. ý..SYSDBAç .SYSDBAç .Gű ...RDB$180č á......
Page:Line=4090:207  Flags=[old]  Data(45)=. ý..SYSDBAç .SYSDBAç .Gű ...RDB$181č á......
Page:Line=4090:208  Flags=[old]  Data(45)=. ý..SYSDBAç .SYSDBAç .Gű ...RDB$135č á......
Page:Line=4090:209  Flags=[old]  Data(45)=. ý..SYSDBAç .SYSDBAç .Gű ...RDB$136č á......
Page:Line=4090:210  Flags=[old]  Data(45)=. ý..SYSDBAç .SYSDBAç .Gű ...RDB$137č á......
Page:Line=4090:211  Flags=[old]  Data(45)=. ý..SYSDBAç .SYSDBAç .Gű ...RDB$138č á......
Page:Line=4090:212  Flags=[old]  Data(45)=. ý..SYSDBAç .SYSDBAç .Gű ...RDB$139č á......
Page:Line=4090:213  Flags=[old]  Data(45)=. ý..SYSDBAç .SYSDBAç .Gű ...RDB$140č á......
Page:Line=4090:214  Flags=[old]  Data(45)=. ý..SYSDBAç .SYSDBAç .Gű ...RDB$131č á......
Page:Line=4090:215  Flags=[old]  Data(45)=. ý..SYSDBAç .SYSDBAç .Gű ...RDB$132č á......
Page:Line=4090:216  Flags=[old]  Data(45)=. ý..SYSDBAç .SYSDBAç .Gű ...RDB$133č á......
Page:Line=4090:217  Flags=[old]  Data(45)=. ý..SYSDBAç .SYSDBAç .Gű ...RDB$134č á......
Page:Line=4090:218  Flags=[old]  Data(45)=. ý..SYSDBAç .SYSDBAç .Gű ...RDB$127č á......
Page:Line=4090:219  Flags=[old]  Data(45)=. ý..SYSDBAç .SYSDBAç .Gű ...RDB$128č á......
Page:Line=4090:220  Flags=[old]  Data(45)=. ý..SYSDBAç .SYSDBAç .Gű ...RDB$129č á......
Page:Line=4090:221  Flags=[old]  Data(45)=. ý..SYSDBAç .SYSDBAç .Gű ...RDB$130č á......
Page:Line=4090:222  Flags=[old]  Data(45)=. ý..SYSDBAç .SYSDBAç .Gű ...RDB$154č á......
Page:Line=4090:223  Flags=[old]  Data(45)=. ý..SYSDBAç .SYSDBAç .Gű ...RDB$155č á......
Page:Line=4090:224  Flags=[old]  Data(45)=. ý..SYSDBAç .SYSDBAç .Gű ...RDB$156č á......
Page:Line=4090:225  Flags=[old]  Data(45)=. ý..SYSDBAç .SYSDBAç .Gű ...RDB$157č á......
Page:Line=4090:226  Flags=[old]  Data(45)=. ý..SYSDBAç .SYSDBAç .Gű ...RDB$151č á......
Page:Line=4090:227  Flags=[old]  Data(45)=. ý..SYSDBAç .SYSDBAç .Gű ...RDB$152č á......
Page:Line=4090:228  Flags=[old]  Data(45)=. ý..SYSDBAç .SYSDBAç .Gű ...RDB$153č á......
Page:Line=4090:229  Flags=[old]  Data(45)=. ý..SYSDBAç .SYSDBAç .Gű ...RDB$166č á......
Page:Line=4090:230  Flags=[old]  Data(45)=. ý..SYSDBAç .SYSDBAç .Gű ...RDB$167č á......
Page:Line=4090:231  Flags=[old]  Data(45)=. ý..SYSDBAç .SYSDBAç .Gű ...RDB$168č á......
Page:Line=4090:232  Flags=[old]  Data(45)=. ý..SYSDBAç .SYSDBAç .Gű ...RDB$169č á......
Page:Line=4090:233  Flags=[old]  Data(45)=. ý..SYSDBAç .SYSDBAç .Gű ...RDB$170č á......
Page:Line=4090:234  Flags=[old]  Data(45)=. ý..SYSDBAç .SYSDBAç .Gű ...RDB$171č á......
Page:Line=4090:235  Flags=[old]  Data(45)=. ý..SYSDBAç .SYSDBAç .Gű ...RDB$162č á......
Page:Line=4090:236  Flags=[old]  Data(45)=. ý..SYSDBAç .SYSDBAç .Gű ...RDB$163č á......
Page:Line=4090:237  Flags=[old]  Data(45)=. ý..SYSDBAç .SYSDBAç .Gű ...RDB$164č á......
Page:Line=4090:238  Flags=[old]  Data(45)=. ý..SYSDBAç .SYSDBAç .Gű ...RDB$165č á......
Page:Line=4090:239  Flags=[old]  Data(45)=. ý..SYSDBAç .SYSDBAç .Gű ...RDB$158č á......
Page:Line=4090:240  Flags=[old]  Data(45)=. ý..SYSDBAç .SYSDBAç .Gű ...RDB$159č á......
Page:Line=4090:241  Flags=[old]  Data(45)=. ý..SYSDBAç .SYSDBAç .Gű ...RDB$160č á......
Page:Line=4090:242  Flags=[old]  Data(45)=. ý..SYSDBAç .SYSDBAç .Gű ...RDB$161č á......
Page:Line=4090:243  Flags=[old]  Data(45)=. ý..SYSDBAç .SYSDBAç .Gű ...RDB$185č á......
Page:Line=4090:244  Flags=[old]  Data(45)=. ý..SYSDBAç .SYSDBAç .Gű ...RDB$186č á......
Page:Line=4090:245  Flags=[old]  Data(45)=. ý..SYSDBAç .SYSDBAç .Gű ...RDB$187č á......
Page:Line=4090:246  Flags=[old]  Data(45)=. ý..SYSDBAç .SYSDBAç .Gű ...RDB$188č á......
Page:Line=4090:247  Flags=[old]  Data(45)=. ý..SYSDBAç .SYSDBAç .Gű ...RDB$182č á......
Page:Line=4090:248  Flags=[old]  Data(45)=. ý..SYSDBAç .SYSDBAç .Gű ...RDB$183č á......
Page:Line=4090:249  Flags=[old]  Data(45)=. ý..SYSDBAç .SYSDBAç .Gű ...RDB$184č á......
Page:Line=4090:250  Flags=[old]  Data(50)=. ý..SYSDBAç .SYSDBAç .Xű ...DEMO_PACKAGEí á......
Page:Line=4093:88  Flags=[del]  Data(0)=
Page:Line=4093:94  Flags=[old]  Data(25)=.üý..SQL$758č ű...ý..b.ö.
Page:Line=4093:95  Flags=[del]  Data(0)=
Page:Line=4093:101  Flags=[old]  Data(25)=.üý..SQL$763č ű...ý..h.ö.
Page:Line=4095:0  Flags=[del]  Data(0)=
Page:Line=4095:1  Flags=[del]  Data(0)=
Page:Line=4095:2  Flags=[old]  Data(45)=.ŕý..PHONE_LISTë .DEPARTMENTë .DEPT_NOč ...Ţ.
Page:Line=4095:3  Flags=[old]  Data(43)=.ŕý..PHONE_LISTë .EMPLOYEEé .DEPT_NOč ...Ţ.
Page:Line=4095:4  Flags=[old]  Data(36)=.äý..PHONE_LISTë .DEPARTMENTë ŕ...Ţ.
Page:Line=4095:5  Flags=[old]  Data(34)=.äý..PHONE_LISTë .EMPLOYEEé ŕ...Ţ.
Page:Line=4095:6  Flags=[old]  Data(42)=.ŕý..PHONE_LISTë .EMPLOYEEé .EMP_NOç ...Ţ.
Page:Line=4095:7  Flags=[old]  Data(45)=.ŕý..PHONE_LISTë .EMPLOYEEé .LAST_NAMEę ...Ţ.
Page:Line=4095:8  Flags=[old]  Data(45)=.ŕý..PHONE_LISTë .EMPLOYEEé .PHONE_EXTę ...Ţ.
Page:Line=4095:9  Flags=[old]  Data(46)=.ŕý..PHONE_LISTë .DEPARTMENTë .PHONE_NOé ...Ţ.
Page:Line=4095:10  Flags=[old]  Data(46)=.ŕý..PHONE_LISTë .EMPLOYEEé .FIRST_NAMEë ...Ţ.
Page:Line=4095:11  Flags=[old]  Data(46)=.ŕý..PHONE_LISTë .DEPARTMENTë .LOCATIONé ...Ţ.
Page:Line=4095:12  Flags=[del]  Data(0)=
Page:Line=4095:13  Flags=[del]  Data(0)=
Page:Line=4095:14  Flags=[del]  Data(0)=
Page:Line=4095:15  Flags=[del]  Data(0)=
Page:Line=4095:90  Flags=[del]  Data(0)=
Page:Line=4095:91  Flags=[del]  Data(0)=
Page:Line=4095:92  Flags=[del]  Data(0)=
Page:Line=4095:93  Flags=[del]  Data(0)=
Page:Line=4095:94  Flags=[del]  Data(0)=
Page:Line=4095:95  Flags=[del]  Data(0)=
Page:Line=4095:96  Flags=[del]  Data(0)=
Page:Line=4095:97  Flags=[del]  Data(0)=
Page:Line=4095:98  Flags=[del]  Data(0)=
Page:Line=4095:99  Flags=[del]  Data(0)=
Page:Line=4095:100  Flags=[del]  Data(0)=
Page:Line=4095:101  Flags=[del]  Data(0)=
Page:Line=4095:102  Flags=[del]  Data(0)=
Page:Line=4095:103  Flags=[del]  Data(0)=
Page:Line=4095:104  Flags=[del]  Data(0)=
Page:Line=4095:105  Flags=[del]  Data(0)=
Page:Line=4095:106  Flags=[del]  Data(0)=
Page:Line=4095:107  Flags=[del]  Data(0)=
Page:Line=4095:108  Flags=[del]  Data(0)=
Page:Line=4095:109  Flags=[del]  Data(0)=
Page:Line=4095:110  Flags=[del]  Data(0)=
Page:Line=4095:111  Flags=[del]  Data(0)=
Page:Line=4095:112  Flags=[del]  Data(0)=
Page:Line=4095:113  Flags=[del]  Data(0)=
Page:Line=4095:114  Flags=[del]  Data(0)=
Page:Line=4095:115  Flags=[del]  Data(0)=
Page:Line=4095:116  Flags=[del]  Data(0)=
Page:Line=4095:117  Flags=[del]  Data(0)=
Page:Line=4095:118  Flags=[del]  Data(0)=
Page:Line=4095:119  Flags=[del]  Data(0)=
Page:Line=4095:120  Flags=[del]  Data(0)=
Page:Line=4095:121  Flags=[del]  Data(0)=
Page:Line=4095:122  Flags=[del]  Data(0)=
Page:Line=4095:123  Flags=[del]  Data(0)=
Page:Line=4095:124  Flags=[del]  Data(0)=
Page:Line=4095:125  Flags=[del]  Data(0)=
Page:Line=4095:126  Flags=[del]  Data(0)=
Page:Line=4095:127  Flags=[del]  Data(0)=
Page:Line=4095:128  Flags=[del]  Data(0)=
Page:Line=4095:129  Flags=[del]  Data(0)=
Page:Line=4095:130  Flags=[del]  Data(0)=
Page:Line=4095:131  Flags=[del]  Data(0)=
Page:Line=4095:132  Flags=[del]  Data(0)=
Page:Line=4095:133  Flags=[del]  Data(0)=
Page:Line=4095:134  Flags=[del]  Data(0)=
Page:Line=4095:135  Flags=[del]  Data(0)=
Page:Line=4095:136  Flags=[del]  Data(0)=
Page:Line=4095:137  Flags=[del]  Data(0)=
Page:Line=4095:138  Flags=[del]  Data(0)=
Page:Line=4095:139  Flags=[del]  Data(0)=
Page:Line=4095:140  Flags=[del]  Data(0)=
Page:Line=4095:141  Flags=[del]  Data(0)=
Page:Line=4095:142  Flags=[del]  Data(0)=
Page:Line=4095:143  Flags=[del]  Data(0)=
Page:Line=4095:144  Flags=[del]  Data(0)=
Page:Line=4095:145  Flags=[del]  Data(0)=
Page:Line=4095:146  Flags=[del]  Data(0)=
Page:Line=4095:147  Flags=[del]  Data(0)=
Page:Line=4095:148  Flags=[del]  Data(0)=
Page:Line=4095:149  Flags=[del]  Data(0)=
Page:Line=4095:150  Flags=[del]  Data(0)=
Page:Line=4095:151  Flags=[del]  Data(0)=
Page:Line=4095:152  Flags=[del]  Data(0)=
Page:Line=4095:153  Flags=[del]  Data(0)=
Page:Line=4095:154  Flags=[del]  Data(0)=
Page:Line=4095:155  Flags=[del]  Data(0)=
Page:Line=4095:156  Flags=[del]  Data(0)=
Page:Line=4095:157  Flags=[del]  Data(0)=
Page:Line=4095:158  Flags=[del]  Data(0)=
Page:Line=4095:159  Flags=[del]  Data(0)=
Page:Line=4095:160  Flags=[del]  Data(0)=
Page:Line=4095:161  Flags=[del]  Data(0)=
Page:Line=4095:162  Flags=[del]  Data(0)=
Page:Line=4095:163  Flags=[del]  Data(0)=
Page:Line=4095:164  Flags=[old]  Data(41)=.ŕý..RDB$9ć .EMPLOYEEé .FIRST_NAMEë ...Ţ.
Page:Line=4095:165  Flags=[old]  Data(40)=.ŕý..RDB$9ć .EMPLOYEEé .LAST_NAMEę ...Ţ.
Page:Line=4095:174  Flags=[del]  Data(0)=
Page:Line=4095:175  Flags=[del]  Data(0)=
Page:Line=4095:176  Flags=[del]  Data(0)=
Page:Line=4095:177  Flags=[del]  Data(0)=
Page:Line=4095:178  Flags=[del]  Data(0)=
Page:Line=4095:179  Flags=[del]  Data(0)=
Page:Line=4095:180  Flags=[del]  Data(0)=
Page:Line=4095:181  Flags=[del]  Data(0)=
Page:Line=4095:182  Flags=[del]  Data(0)=
Page:Line=4095:183  Flags=[del]  Data(0)=
Page:Line=4095:188  Flags=[old]  Data(39)=.ŕý..RDB$31ç .SALESć .ORDER_DATEë ...Ţ.
Page:Line=4095:189  Flags=[old]  Data(38)=.ŕý..RDB$31ç .SALESć .SHIP_DATEę ...Ţ.
Page:Line=4095:192  Flags=[old]  Data(52)=.ŕý..RDB$17ç .SALARY_HISTORYď .PERCENT_CHANGEď ...Ţ.
Page:Line=4095:193  Flags=[old]  Data(48)=.ŕý..RDB$17ç .SALARY_HISTORYď .OLD_SALARYë ...Ţ.
Page:Line=4095:196  Flags=[old]  Data(48)=.ŕý..ALL_LANGSę .SHOW_LANGSë .LANGUAGESę .....ŕ.
Page:Line=4095:197  Flags=[old]  Data(37)=.äý..ALL_LANGSę .SHOW_LANGSë ŕ.....ŕ.
Page:Line=4095:198  Flags=[old]  Data(41)=.ŕý..ALL_LANGSę .JOBä .JOB_COUNTRYě ...Ţ.
Page:Line=4095:199  Flags=[old]  Data(39)=.ŕý..ALL_LANGSę .JOBä .JOB_GRADEę ...Ţ.
Page:Line=4095:200  Flags=[old]  Data(38)=.ŕý..ALL_LANGSę .JOBä .JOB_CODEé ...Ţ.
Page:Line=4095:201  Flags=[old]  Data(28)=.äý..ALL_LANGSę .JOBä ŕ...Ţ.
Page:Line=4095:208  Flags=[old]  Data(43)=.ŕý..SHOW_LANGSë .JOBä .LANGUAGE_REQí ...Ţ.
Page:Line=4095:209  Flags=[old]  Data(42)=.ŕý..SHOW_LANGSë .JOBä .JOB_COUNTRYě ...Ţ.
Page:Line=4095:210  Flags=[old]  Data(40)=.ŕý..SHOW_LANGSë .JOBä .JOB_GRADEę ...Ţ.
Page:Line=4095:211  Flags=[old]  Data(39)=.ŕý..SHOW_LANGSë .JOBä .JOB_CODEé ...Ţ.
Page:Line=4095:212  Flags=[old]  Data(29)=.äý..SHOW_LANGSë .JOBä ŕ...Ţ.
Page:Line=4095:218  Flags=[old]  Data(42)=.ŕý..SHIP_ORDERë .SALESć .SHIP_DATEę ...Ţ.
Page:Line=4095:219  Flags=[old]  Data(45)=.ŕý..SHIP_ORDERë .SALESć .ORDER_STATUSí ...Ţ.
Page:Line=4095:220  Flags=[old]  Data(42)=.ŕý..SHIP_ORDERë .SALESć .PO_NUMBERę ...Ţ.
Page:Line=4095:221  Flags=[old]  Data(31)=.äý..SHIP_ORDERë .SALESć ŕ...Ţ.
Page:Line=4095:222  Flags=[old]  Data(43)=.ŕý..SHIP_ORDERë .CUSTOMERé .ON_HOLDč ...Ţ.
Page:Line=4095:223  Flags=[old]  Data(43)=.ŕý..SHIP_ORDERë .CUSTOMERé .CUST_NOč ...Ţ.
Page:Line=4095:224  Flags=[old]  Data(34)=.äý..SHIP_ORDERë .CUSTOMERé ŕ...Ţ.
Page:Line=4095:225  Flags=[old]  Data(42)=.äý..SHIP_ORDERë .CUSTOMER_CHECKď ŕ.....ŕ.
Page:Line=4095:226  Flags=[old]  Data(37)=.ŕý..SHIP_ORDERë .SALESć .PAIDĺ ...Ţ.
Page:Line=4095:227  Flags=[old]  Data(40)=.ŕý..SHIP_ORDERë .SALESć .CUST_NOč ...Ţ.
Page:Line=4095:228  Flags=[old]  Data(44)=.äý..SHIP_ORDERë .CUSTOMER_ON_HOLDń ŕ.....ŕ.
Page:Line=4095:229  Flags=[old]  Data(49)=.äý..SHIP_ORDERë .ORDER_ALREADY_SHIPPEDö ŕ.....ŕ.
Page:Line=4095:237  Flags=[old]  Data(47)=.ŕý..MAIL_LABELë .CUSTOMERé .POSTAL_CODEě ...Ţ.
Page:Line=4095:238  Flags=[old]  Data(43)=.ŕý..MAIL_LABELë .CUSTOMERé .COUNTRYč ...Ţ.
Page:Line=4095:239  Flags=[old]  Data(50)=.ŕý..MAIL_LABELë .CUSTOMERé .STATE_PROVINCEď ...Ţ.
Page:Line=4095:240  Flags=[old]  Data(40)=.ŕý..MAIL_LABELë .CUSTOMERé .CITYĺ ...Ţ.
Page:Line=4095:241  Flags=[old]  Data(49)=.ŕý..MAIL_LABELë .CUSTOMERé .ADDRESS_LINE2î ...Ţ.
Page:Line=4095:242  Flags=[old]  Data(49)=.ŕý..MAIL_LABELë .CUSTOMERé .ADDRESS_LINE1î ...Ţ.
Page:Line=4095:243  Flags=[old]  Data(48)=.ŕý..MAIL_LABELë .CUSTOMERé .CONTACT_LASTí ...Ţ.
Page:Line=4095:244  Flags=[old]  Data(49)=.ŕý..MAIL_LABELë .CUSTOMERé .CONTACT_FIRSTî ...Ţ.
Page:Line=4095:245  Flags=[old]  Data(44)=.ŕý..MAIL_LABELë .CUSTOMERé .CUSTOMERé ...Ţ.
Page:Line=4095:246  Flags=[old]  Data(43)=.ŕý..MAIL_LABELë .CUSTOMERé .CUST_NOč ...Ţ.
Page:Line=4095:247  Flags=[old]  Data(34)=.äý..MAIL_LABELë .CUSTOMERé ŕ...Ţ.
Page:Line=4095:248  Flags=[old]  Data(41)=.ŕý..ORG_CHARTę .EMPLOYEEé .EMP_NOç ...Ţ.
Page:Line=4095:249  Flags=[old]  Data(42)=.ŕý..ORG_CHARTę .EMPLOYEEé .DEPT_NOč ...Ţ.
Page:Line=4095:250  Flags=[old]  Data(33)=.äý..ORG_CHARTę .EMPLOYEEé ŕ...Ţ.
Page:Line=4095:251  Flags=[old]  Data(43)=.ŕý..ORG_CHARTę .EMPLOYEEé .JOB_CODEé ...Ţ.
Page:Line=4095:252  Flags=[old]  Data(44)=.ŕý..ORG_CHARTę .EMPLOYEEé .FULL_NAMEę ...Ţ.
Page:Line=4095:253  Flags=[old]  Data(44)=.ŕý..ORG_CHARTę .DEPARTMENTë .DEPT_NOč ...Ţ.
Page:Line=4095:254  Flags=[old]  Data(44)=.ŕý..ORG_CHARTę .DEPARTMENTë .MNGR_NOč ...Ţ.
Page:Line=4095:255  Flags=[old]  Data(47)=.ŕý..ORG_CHARTę .DEPARTMENTë .DEPARTMENTë ...Ţ.
Page:Line=4095:256  Flags=[old]  Data(46)=.ŕý..ORG_CHARTę .DEPARTMENTë .HEAD_DEPTę ...Ţ.
Page:Line=4095:257  Flags=[old]  Data(35)=.äý..ORG_CHARTę .DEPARTMENTë ŕ...Ţ.
Page:Line=4095:258  Flags=[old]  Data(40)=.äý..DEPT_BUDGETě .DEPT_BUDGETě ŕ.....ŕ.
Page:Line=4095:259  Flags=[old]  Data(46)=.ŕý..DEPT_BUDGETě .DEPARTMENTë .DEPT_NOč ...Ţ.
Page:Line=4095:260  Flags=[old]  Data(48)=.ŕý..DEPT_BUDGETě .DEPARTMENTë .HEAD_DEPTę ...Ţ.
Page:Line=4095:261  Flags=[old]  Data(37)=.äý..DEPT_BUDGETě .DEPARTMENTë ŕ...Ţ.
Page:Line=4095:262  Flags=[old]  Data(45)=.ŕý..DEPT_BUDGETě .DEPARTMENTë .BUDGETç ...Ţ.
Page:Line=4095:263  Flags=[old]  Data(47)=.ŕý..DELETE_EMPLOYEEđ .EMPLOYEEé .EMP_NOç ...Ţ.
Page:Line=4095:264  Flags=[old]  Data(39)=.äý..DELETE_EMPLOYEEđ .EMPLOYEEé ŕ...Ţ.
Page:Line=4095:265  Flags=[old]  Data(53)=.ŕý..DELETE_EMPLOYEEđ .SALARY_HISTORYď .EMP_NOç ...Ţ.
Page:Line=4095:266  Flags=[old]  Data(45)=.äý..DELETE_EMPLOYEEđ .SALARY_HISTORYď ŕ...Ţ.
Page:Line=4095:267  Flags=[old]  Data(55)=.ŕý..DELETE_EMPLOYEEđ .EMPLOYEE_PROJECTń .EMP_NOç ...Ţ.
Page:Line=4095:268  Flags=[old]  Data(47)=.äý..DELETE_EMPLOYEEđ .EMPLOYEE_PROJECTń ŕ...Ţ.
Page:Line=4095:269  Flags=[old]  Data(51)=.ŕý..DELETE_EMPLOYEEđ .PROJECTč .TEAM_LEADERě ...Ţ.
Page:Line=4095:270  Flags=[old]  Data(38)=.äý..DELETE_EMPLOYEEđ .PROJECTč ŕ...Ţ.
Page:Line=4095:271  Flags=[old]  Data(50)=.ŕý..DELETE_EMPLOYEEđ .DEPARTMENTë .MNGR_NOč ...Ţ.
Page:Line=4095:272  Flags=[old]  Data(41)=.äý..DELETE_EMPLOYEEđ .DEPARTMENTë ŕ...Ţ.
Page:Line=4095:273  Flags=[old]  Data(47)=.äý..DELETE_EMPLOYEEđ .REASSIGN_SALESď ŕ.....ŕ.
Page:Line=4095:274  Flags=[old]  Data(47)=.ŕý..DELETE_EMPLOYEEđ .SALESć .PO_NUMBERę ...Ţ.
Page:Line=4095:275  Flags=[old]  Data(47)=.ŕý..DELETE_EMPLOYEEđ .SALESć .SALES_REPę ...Ţ.
Page:Line=4095:276  Flags=[old]  Data(36)=.äý..DELETE_EMPLOYEEđ .SALESć ŕ...Ţ.
Page:Line=4095:277  Flags=[old]  Data(48)=.ŕý..SUB_TOT_BUDGETď .DEPARTMENTë .BUDGETç ...Ţ.
Page:Line=4095:278  Flags=[old]  Data(51)=.ŕý..SUB_TOT_BUDGETď .DEPARTMENTë .HEAD_DEPTę ...Ţ.
Page:Line=4095:279  Flags=[old]  Data(40)=.äý..SUB_TOT_BUDGETď .DEPARTMENTë ŕ...Ţ.
Page:Line=4095:280  Flags=[old]  Data(44)=.äý..ADD_EMP_PROJí .UNKNOWN_EMP_IDď ŕ.....ŕ.
Page:Line=4095:281  Flags=[old]  Data(53)=.ŕý..ADD_EMP_PROJí .EMPLOYEE_PROJECTń .PROJ_IDč ...Ţ.
Page:Line=4095:282  Flags=[old]  Data(52)=.ŕý..ADD_EMP_PROJí .EMPLOYEE_PROJECTń .EMP_NOç ...Ţ.
Page:Line=4095:283  Flags=[old]  Data(44)=.äý..ADD_EMP_PROJí .EMPLOYEE_PROJECTń ŕ...Ţ.
Page:Line=4095:284  Flags=[old]  Data(53)=.ŕý..GET_EMP_PROJí .EMPLOYEE_PROJECTń .PROJ_IDč ...Ţ.
Page:Line=4095:285  Flags=[old]  Data(52)=.ŕý..GET_EMP_PROJí .EMPLOYEE_PROJECTń .EMP_NOç ...Ţ.
Page:Line=4095:286  Flags=[old]  Data(44)=.äý..GET_EMP_PROJí .EMPLOYEE_PROJECTń ŕ...Ţ.
Page:Line=4095:287  Flags=[old]  Data(34)=.äý..DEMO_PACKAGEí .UTF8ĺ ŕ.....ŕ.
Page:Line=9550:55  Flags=[old]  Data(39)=.ŕý..MYPROC1č .COUNTRYč .COUNTRYč ...Ţ.
Page:Line=9550:56  Flags=[old]  Data(29)=.äý..MYPROC1č .UTF8ĺ ŕ.....ŕ.
Page:Line=9550:57  Flags=[old]  Data(30)=.äý..MYPROC1č .COUNTRYč ŕ...Ţ.
Page:Line=9550:61  Flags=[del]  Data(0)=
Page:Line=9550:62  Flags=[del]  Data(0)=
Page:Line=9550:63  Flags=[del]  Data(0)=
Page:Line=9550:64  Flags=[old]  Data(39)=.ŕý..MYPROC2č .COUNTRYč .COUNTRYč ...Ţ.
Page:Line=9550:65  Flags=[old]  Data(29)=.äý..MYPROC2č .UTF8ĺ ŕ.....ŕ.
Page:Line=9550:66  Flags=[old]  Data(30)=.äý..MYPROC2č .COUNTRYč ŕ...Ţ.
Page:Line=9550:70  Flags=[del]  Data(0)=
Page:Line=9550:71  Flags=[del]  Data(0)=
Page:Line=9550:72  Flags=[del]  Data(0)=
Page:Line=9550:73  Flags=[old]  Data(39)=.ŕý..MYPROC3č .COUNTRYč .COUNTRYč ...Ţ.
Page:Line=9550:74  Flags=[old]  Data(29)=.äý..MYPROC3č .UTF8ĺ ŕ.....ŕ.
Page:Line=9550:75  Flags=[old]  Data(30)=.äý..MYPROC3č .COUNTRYč ŕ...Ţ.
Page:Line=9550:79  Flags=[del]  Data(0)=
Page:Line=9550:80  Flags=[del]  Data(0)=
Page:Line=9550:81  Flags=[del]  Data(0)=
Page:Line=9557:98  Flags=[del]  Data(0)=
Page:Line=9557:104  Flags=[old]  Data(25)=.üý..SQL$753č ű...ý..Z.ö.
Page:Line=9559:51  Flags=[del]  Data(0)=
Page:Line=9559:52  Flags=[del]  Data(0)=
Page:Line=9559:53  Flags=[del]  Data(0)=
Page:Line=9559:54  Flags=[del]  Data(0)=
Page:Line=9559:55  Flags=[old]  Data(49)=.ţp˙ČRDB$323č «..@ý..%€.Ç..@ů..SQL$754č .SYSDBAç 
Page:Line=9559:56  Flags=[old]  Data(45)=.ţp˙ÇRDB$324č «...ý...€.ż..SQL$755č .SYSDBAç 
Page:Line=9559:57  Flags=[old]  Data(49)=.ţp˙ČRDB$325č «...ý...€.Ç...ů..SQL$756č .SYSDBAç 
Page:Line=9559:58  Flags=[old]  Data(49)=.ţp˙ČRDB$326č «...ý...€.Ç...ů..SQL$757č .SYSDBAç 
Page:Line=9559:59  Flags=[del]  Data(0)=
Page:Line=9559:60  Flags=[del]  Data(0)=
Page:Line=9559:61  Flags=[del]  Data(0)=
Page:Line=9559:62  Flags=[del]  Data(0)=
Page:Line=9559:63  Flags=[old]  Data(49)=.ţp˙ČRDB$327č «..@ý..%€.Ç..@ů..SQL$759č .SYSDBAç 
Page:Line=9559:64  Flags=[old]  Data(45)=.ţp˙ÇRDB$328č «...ý...€.ż..SQL$760č .SYSDBAç 
Page:Line=9559:65  Flags=[old]  Data(49)=.ţp˙ČRDB$329č «...ý...€.Ç...ů..SQL$761č .SYSDBAç 
Page:Line=9559:66  Flags=[old]  Data(49)=.ţp˙ČRDB$330č «...ý...€.Ç...ů..SQL$762č .SYSDBAç 
Page:Line=9559:67  Flags=[del]  Data(0)=
Page:Line=9559:68  Flags=[del]  Data(0)=
Page:Line=9559:69  Flags=[del]  Data(0)=
Page:Line=9559:70  Flags=[del]  Data(0)=
Page:Line=9559:71  Flags=[old]  Data(49)=.ţp˙ČRDB$331č «..@ý..%€.Ç..@ů..SQL$764č .SYSDBAç 
Page:Line=9559:72  Flags=[old]  Data(45)=.ţp˙ÇRDB$332č «...ý...€.ż..SQL$765č .SYSDBAç 
Page:Line=9559:73  Flags=[old]  Data(48)=.ţp˙ČRDB$ý3č «...ý...€.Ç...ů..SQL$766č .SYSDBAç 
Page:Line=9559:74  Flags=[old]  Data(49)=.ţp˙ČRDB$334č «...ý...€.Ç...ů..SQL$767č .SYSDBAç 
RelID_128_format=[1C 00 02 00 03 00 0C 00 00 00 00 00 04 00 00 00 03 00 11 00 00 00 00 00 10 00 00 00 00 00]
Rec count (Size div RecSize)=2
FORMAT raw=[03 00 0C 00 00 00 00 00 04 00 00 00]  DType=3(37) Scale=0 Len=12(10) SubType=0(0) Flags=0 Offs=4
FORMAT raw=[03 00 11 00 00 00 00 00 10 00 00 00]  DType=3(37) Scale=0 Len=17(15) SubType=0(0) Flags=0 Offs=16
RelID_129_format=[90 00 08 00 13 FE 08 00 01 00 00 00 08 00 00 00 13 FE 08 00 01 00 00 00 10 00 00 00 11 00 08 00 01 00 00 00 18 00 00 00 08 00 02 00 00 00 00 00 20 00 00 00 03 00 07 00 00 00 00 00 22 00 00 00 03 00 11 00 00 00 00 00 2A 00 00 00 03 00 1B 00 00 00 00 00 3C 00 00 00 12 00 08 00 00 00 00 00 58 00 00 00 02 00 00 00 13 FE 08 00 01 00 00 00 00 00 00 00 00 00 00 00 00 00 00 00 01 00 13 FE 08 00 01 00 00 00 00 00 00 00 00 00 00 00 00 00 00 00]
Rec count (Size div RecSize)=11
FORMAT raw=[13 FE 08 00 01 00 00 00 08 00 00 00]  DType=19(16) Scale=-2 Len=8(8) SubType=1(1) Flags=0 Offs=8
FORMAT raw=[13 FE 08 00 01 00 00 00 10 00 00 00]  DType=19(16) Scale=-2 Len=8(8) SubType=1(1) Flags=0 Offs=16
FORMAT raw=[11 00 08 00 01 00 00 00 18 00 00 00]  DType=17(261) Scale=0 Len=8(8) SubType=1(1) Flags=0 Offs=24
FORMAT raw=[08 00 02 00 00 00 00 00 20 00 00 00]  DType=8(7) Scale=0 Len=2(2) SubType=0(0) Flags=0 Offs=32
FORMAT raw=[03 00 07 00 00 00 00 00 22 00 00 00]  DType=3(37) Scale=0 Len=7(5) SubType=0(0) Flags=0 Offs=34
FORMAT raw=[03 00 11 00 00 00 00 00 2A 00 00 00]  DType=3(37) Scale=0 Len=17(15) SubType=0(0) Flags=0 Offs=42
FORMAT raw=[03 00 1B 00 00 00 00 00 3C 00 00 00]  DType=3(37) Scale=0 Len=27(25) SubType=0(0) Flags=0 Offs=60
FORMAT raw=[12 00 08 00 00 00 00 00 58 00 00 00]  DType=18(37) Scale=0 Len=8(15) SubType=0(0) Flags=0 Offs=88
RelID_130_format=[58 00 07 00 13 FE 08 00 02 00 00 00 08 00 00 00 08 00 02 00 00 00 00 00 10 00 00 00 03 00 16 00 00 00 00 00 12 00 00 00 01 00 03 00 00 00 00 00 28 00 00 00 03 00 1B 00 00 00 00 00 2C 00 00 00 01 00 03 00 00 00 00 00 47 00 00 00 03 00 11 00 00 00 00 00 4A 00 00 00 00 00]
Rec count (Size div RecSize)=7
FORMAT raw=[13 FE 08 00 02 00 00 00 08 00 00 00]  DType=19(16) Scale=-2 Len=8(8) SubType=2(2) Flags=0 Offs=8
FORMAT raw=[08 00 02 00 00 00 00 00 10 00 00 00]  DType=8(7) Scale=0 Len=2(2) SubType=0(0) Flags=0 Offs=16
FORMAT raw=[03 00 16 00 00 00 00 00 12 00 00 00]  DType=3(37) Scale=0 Len=22(20) SubType=0(0) Flags=0 Offs=18
FORMAT raw=[01 00 03 00 00 00 00 00 28 00 00 00]  DType=1(14) Scale=0 Len=3(3) SubType=0(0) Flags=0 Offs=40
FORMAT raw=[03 00 1B 00 00 00 00 00 2C 00 00 00]  DType=3(37) Scale=0 Len=27(25) SubType=0(0) Flags=0 Offs=44
FORMAT raw=[01 00 03 00 00 00 00 00 47 00 00 00]  DType=1(14) Scale=0 Len=3(3) SubType=0(0) Flags=0 Offs=71
FORMAT raw=[03 00 11 00 00 00 00 00 4A 00 00 00]  DType=3(37) Scale=0 Len=17(15) SubType=0(0) Flags=0 Offs=74
RelID_167_format=[DC 00 12 00 09 00 04 00 00 00 00 00 04 00 00 00 08 00 02 00 00 00 00 00 08 00 00 00 09 00 04 00 00 00 00 00 0C 00 00 00 13 00 08 00 00 00 00 00 10 00 00 00 13 F6 08 00 02 00 00 00 18 00 00 00 13 F6 08 00 01 00 00 00 20 00 00 00 0B 00 04 00 00 00 00 00 28 00 00 00 0C 00 08 00 00 00 00 00 30 00 00 00 01 00 14 00 00 00 00 00 38 00 00 00 03 00 66 00 00 00 00 00 4C 00 00 00 01 00 32 00 01 00 00 00 B2 00 00 00 03 00 66 00 01 00 00 00 E4 00 00 00 0E 00 04 00 00 00 00 00 4C 01 00 00 0F 00 04 00 00 00 00 00 50 01 00 00 10 00 08 00 00 00 00 00 58 01 00 00 11 00 08 00 01 00 00 00 60 01 00 00 11 00 08 00 00 00 00 00 68 01 00 00 15 00 01 00 00 00 00 00 70 01 00 00 00 00]
Rec count (Size div RecSize)=18
FORMAT raw=[09 00 04 00 00 00 00 00 04 00 00 00]  DType=9(8) Scale=0 Len=4(4) SubType=0(0) Flags=0 Offs=4
FORMAT raw=[08 00 02 00 00 00 00 00 08 00 00 00]  DType=8(7) Scale=0 Len=2(2) SubType=0(0) Flags=0 Offs=8
FORMAT raw=[09 00 04 00 00 00 00 00 0C 00 00 00]  DType=9(8) Scale=0 Len=4(4) SubType=0(0) Flags=0 Offs=12
FORMAT raw=[13 00 08 00 00 00 00 00 10 00 00 00]  DType=19(16) Scale=0 Len=8(8) SubType=0(0) Flags=0 Offs=16
FORMAT raw=[13 F6 08 00 02 00 00 00 18 00 00 00]  DType=19(16) Scale=-10 Len=8(8) SubType=2(2) Flags=0 Offs=24
FORMAT raw=[13 F6 08 00 01 00 00 00 20 00 00 00]  DType=19(16) Scale=-10 Len=8(8) SubType=1(1) Flags=0 Offs=32
FORMAT raw=[0B 00 04 00 00 00 00 00 28 00 00 00]  DType=11(10) Scale=0 Len=4(4) SubType=0(0) Flags=0 Offs=40
FORMAT raw=[0C 00 08 00 00 00 00 00 30 00 00 00]  DType=12(27) Scale=0 Len=8(8) SubType=0(0) Flags=0 Offs=48
FORMAT raw=[01 00 14 00 00 00 00 00 38 00 00 00]  DType=1(14) Scale=0 Len=20(20) SubType=0(0) Flags=0 Offs=56
FORMAT raw=[03 00 66 00 00 00 00 00 4C 00 00 00]  DType=3(37) Scale=0 Len=102(100) SubType=0(0) Flags=0 Offs=76
FORMAT raw=[01 00 32 00 01 00 00 00 B2 00 00 00]  DType=1(14) Scale=0 Len=50(50) SubType=1(0) Flags=0 Offs=178
FORMAT raw=[03 00 66 00 01 00 00 00 E4 00 00 00]  DType=3(37) Scale=0 Len=102(100) SubType=1(0) Flags=0 Offs=228
FORMAT raw=[0E 00 04 00 00 00 00 00 4C 01 00 00]  DType=14(12) Scale=0 Len=4(4) SubType=0(0) Flags=0 Offs=332
FORMAT raw=[0F 00 04 00 00 00 00 00 50 01 00 00]  DType=15(13) Scale=0 Len=4(4) SubType=0(0) Flags=0 Offs=336
FORMAT raw=[10 00 08 00 00 00 00 00 58 01 00 00]  DType=16(35) Scale=0 Len=8(8) SubType=0(0) Flags=0 Offs=344
FORMAT raw=[11 00 08 00 01 00 00 00 60 01 00 00]  DType=17(261) Scale=0 Len=8(8) SubType=1(1) Flags=0 Offs=352
FORMAT raw=[11 00 08 00 00 00 00 00 68 01 00 00]  DType=17(261) Scale=0 Len=8(8) SubType=0(0) Flags=0 Offs=360
FORMAT raw=[15 00 01 00 00 00 00 00 70 01 00 00]  DType=21(23) Scale=0 Len=1(1) SubType=0(0) Flags=0 Offs=368
RelID_133_format=[56 00 05 00 11 00 08 00 01 00 00 00 08 00 00 00 03 00 16 00 00 00 00 00 10 00 00 00 08 00 02 00 00 00 00 00 26 00 00 00 03 00 0E 00 00 00 00 00 28 00 00 00 01 00 05 00 00 00 00 00 36 00 00 00 01 00 03 00 01 00 08 00 00 00 00 00 00 00 00 00 73 6F 66 74 77 61 72 65]
Rec count (Size div RecSize)=7
FORMAT raw=[11 00 08 00 01 00 00 00 08 00 00 00]  DType=17(261) Scale=0 Len=8(8) SubType=1(1) Flags=0 Offs=8
FORMAT raw=[03 00 16 00 00 00 00 00 10 00 00 00]  DType=3(37) Scale=0 Len=22(20) SubType=0(0) Flags=0 Offs=16
FORMAT raw=[08 00 02 00 00 00 00 00 26 00 00 00]  DType=8(7) Scale=0 Len=2(2) SubType=0(0) Flags=0 Offs=38
FORMAT raw=[03 00 0E 00 00 00 00 00 28 00 00 00]  DType=3(37) Scale=0 Len=14(12) SubType=0(0) Flags=0 Offs=40
FORMAT raw=[01 00 05 00 00 00 00 00 36 00 00 00]  DType=1(14) Scale=0 Len=5(5) SubType=0(0) Flags=0 Offs=54
RelID_134_format=[1C 00 02 00 08 00 02 00 00 00 00 00 04 00 00 00 01 00 05 00 00 00 00 00 06 00 00 00 00 00]
Rec count (Size div RecSize)=2
FORMAT raw=[08 00 02 00 00 00 00 00 04 00 00 00]  DType=8(7) Scale=0 Len=2(2) SubType=0(0) Flags=0 Offs=4
FORMAT raw=[01 00 05 00 00 00 00 00 06 00 00 00]  DType=1(14) Scale=0 Len=5(5) SubType=0(0) Flags=0 Offs=6
RelID_135_format=[40 00 05 00 13 FE 08 00 02 00 00 00 08 00 00 00 09 00 04 00 00 00 00 00 10 00 00 00 12 00 08 00 00 00 00 00 18 00 00 00 01 00 05 00 00 00 00 00 20 00 00 00 01 00 03 00 00 00 00 00 25 00 00 00 00 00]
Rec count (Size div RecSize)=5
FORMAT raw=[13 FE 08 00 02 00 00 00 08 00 00 00]  DType=19(16) Scale=-2 Len=8(8) SubType=2(2) Flags=0 Offs=8
FORMAT raw=[09 00 04 00 00 00 00 00 10 00 00 00]  DType=9(8) Scale=0 Len=4(4) SubType=0(0) Flags=0 Offs=16
FORMAT raw=[12 00 08 00 00 00 00 00 18 00 00 00]  DType=18(8) Scale=0 Len=8(4) SubType=0(0) Flags=0 Offs=24
FORMAT raw=[01 00 05 00 00 00 00 00 20 00 00 00]  DType=1(14) Scale=0 Len=5(5) SubType=0(0) Flags=0 Offs=32
FORMAT raw=[01 00 03 00 00 00 00 00 25 00 00 00]  DType=1(14) Scale=0 Len=3(3) SubType=0(0) Flags=0 Offs=37
RelID_137_format=[94 00 0C 00 03 00 20 00 00 00 00 00 04 00 00 00 03 00 20 00 00 00 00 00 24 00 00 00 09 00 04 00 00 00 00 00 44 00 00 00 03 00 16 00 00 00 00 00 48 00 00 00 03 00 16 00 00 00 00 00 5E 00 00 00 03 00 0E 00 00 00 00 00 74 00 00 00 03 00 1B 00 00 00 00 00 82 00 00 00 03 00 11 00 00 00 00 00 9E 00 00 00 03 00 1B 00 00 00 00 00 B0 00 00 00 03 00 11 00 00 00 00 00 CC 00 00 00 03 00 11 00 00 00 00 00 DE 00 00 00 01 00 01 00 00 00 00 00 EF 00 00 00 00 00]
Rec count (Size div RecSize)=12
FORMAT raw=[03 00 20 00 00 00 00 00 04 00 00 00]  DType=3(37) Scale=0 Len=32(30) SubType=0(0) Flags=0 Offs=4
FORMAT raw=[03 00 20 00 00 00 00 00 24 00 00 00]  DType=3(37) Scale=0 Len=32(30) SubType=0(0) Flags=0 Offs=36
FORMAT raw=[09 00 04 00 00 00 00 00 44 00 00 00]  DType=9(8) Scale=0 Len=4(4) SubType=0(0) Flags=0 Offs=68
FORMAT raw=[03 00 16 00 00 00 00 00 48 00 00 00]  DType=3(37) Scale=0 Len=22(20) SubType=0(0) Flags=0 Offs=72
FORMAT raw=[03 00 16 00 00 00 00 00 5E 00 00 00]  DType=3(37) Scale=0 Len=22(20) SubType=0(0) Flags=0 Offs=94
FORMAT raw=[03 00 0E 00 00 00 00 00 74 00 00 00]  DType=3(37) Scale=0 Len=14(12) SubType=0(0) Flags=0 Offs=116
FORMAT raw=[03 00 1B 00 00 00 00 00 82 00 00 00]  DType=3(37) Scale=0 Len=27(25) SubType=0(0) Flags=0 Offs=130
FORMAT raw=[03 00 11 00 00 00 00 00 9E 00 00 00]  DType=3(37) Scale=0 Len=17(15) SubType=0(0) Flags=0 Offs=158
FORMAT raw=[03 00 1B 00 00 00 00 00 B0 00 00 00]  DType=3(37) Scale=0 Len=27(25) SubType=0(0) Flags=0 Offs=176
FORMAT raw=[03 00 11 00 00 00 00 00 CC 00 00 00]  DType=3(37) Scale=0 Len=17(15) SubType=0(0) Flags=0 Offs=204
FORMAT raw=[03 00 11 00 00 00 00 00 DE 00 00 00]  DType=3(37) Scale=0 Len=17(15) SubType=0(0) Flags=0 Offs=222
FORMAT raw=[01 00 01 00 00 00 00 00 EF 00 00 00]  DType=1(14) Scale=0 Len=1(1) SubType=0(0) Flags=0 Offs=239
RelID_139_format=[4C 00 06 00 08 00 02 00 00 00 00 00 04 00 00 00 03 00 16 00 00 00 00 00 06 00 00 00 03 00 06 00 00 00 00 00 1C 00 00 00 03 00 16 00 00 00 00 00 22 00 00 00 03 00 11 00 00 00 00 00 38 00 00 00 03 00 11 00 00 00 00 00 4A 00 00 00 00 00]
Rec count (Size div RecSize)=6
FORMAT raw=[08 00 02 00 00 00 00 00 04 00 00 00]  DType=8(7) Scale=0 Len=2(2) SubType=0(0) Flags=0 Offs=4
FORMAT raw=[03 00 16 00 00 00 00 00 06 00 00 00]  DType=3(37) Scale=0 Len=22(20) SubType=0(0) Flags=0 Offs=6
FORMAT raw=[03 00 06 00 00 00 00 00 1C 00 00 00]  DType=3(37) Scale=0 Len=6(4) SubType=0(0) Flags=0 Offs=28
FORMAT raw=[03 00 16 00 00 00 00 00 22 00 00 00]  DType=3(37) Scale=0 Len=22(20) SubType=0(0) Flags=0 Offs=34
FORMAT raw=[03 00 11 00 00 00 00 00 38 00 00 00]  DType=3(37) Scale=0 Len=17(15) SubType=0(0) Flags=0 Offs=56
FORMAT raw=[03 00 11 00 00 00 00 00 4A 00 00 00]  DType=3(37) Scale=0 Len=17(15) SubType=0(0) Flags=0 Offs=74
RelID_131_format=[B4 00 0B 00 10 00 08 00 00 00 00 00 08 00 00 00 13 FE 08 00 01 00 00 00 10 00 00 00 08 00 02 00 00 00 00 00 18 00 00 00 03 00 16 00 00 00 00 00 1A 00 00 00 03 00 06 00 00 00 00 00 30 00 00 00 08 00 02 00 00 00 00 00 36 00 00 00 03 00 11 00 00 00 00 00 38 00 00 00 01 00 03 00 00 00 00 00 49 00 00 00 03 00 07 00 00 00 00 00 4C 00 00 00 03 00 11 00 00 00 00 00 54 00 00 00 03 00 27 00 00 00 00 00 00 00 00 00 02 00 00 00 10 00 08 00 00 00 00 00 00 00 00 00 B7 EE 00 00 8C F0 7B 1B 01 00 13 FE 08 00 01 00 00 00 00 00 00 00 00 00 00 00 00 00 00 00]
Rec count (Size div RecSize)=14
FORMAT raw=[10 00 08 00 00 00 00 00 08 00 00 00]  DType=16(35) Scale=0 Len=8(8) SubType=0(0) Flags=0 Offs=8
FORMAT raw=[13 FE 08 00 01 00 00 00 10 00 00 00]  DType=19(16) Scale=-2 Len=8(8) SubType=1(1) Flags=0 Offs=16
FORMAT raw=[08 00 02 00 00 00 00 00 18 00 00 00]  DType=8(7) Scale=0 Len=2(2) SubType=0(0) Flags=0 Offs=24
FORMAT raw=[03 00 16 00 00 00 00 00 1A 00 00 00]  DType=3(37) Scale=0 Len=22(20) SubType=0(0) Flags=0 Offs=26
FORMAT raw=[03 00 06 00 00 00 00 00 30 00 00 00]  DType=3(37) Scale=0 Len=6(4) SubType=0(0) Flags=0 Offs=48
FORMAT raw=[08 00 02 00 00 00 00 00 36 00 00 00]  DType=8(7) Scale=0 Len=2(2) SubType=0(0) Flags=0 Offs=54
FORMAT raw=[03 00 11 00 00 00 00 00 38 00 00 00]  DType=3(37) Scale=0 Len=17(15) SubType=0(0) Flags=0 Offs=56
FORMAT raw=[01 00 03 00 00 00 00 00 49 00 00 00]  DType=1(14) Scale=0 Len=3(3) SubType=0(0) Flags=0 Offs=73
FORMAT raw=[03 00 07 00 00 00 00 00 4C 00 00 00]  DType=3(37) Scale=0 Len=7(5) SubType=0(0) Flags=0 Offs=76
FORMAT raw=[03 00 11 00 00 00 00 00 54 00 00 00]  DType=3(37) Scale=0 Len=17(15) SubType=0(0) Flags=0 Offs=84
FORMAT raw=[03 00 27 00 00 00 00 00 00 00 00 00]  DType=3(37) Scale=0 Len=39(37) SubType=0(0) Flags=0 Offs=0
RelID_136_format=[8E 00 06 00 10 00 08 00 00 00 00 00 08 00 00 00 13 FE 08 00 01 00 00 00 10 00 00 00 0C 00 08 00 00 00 00 00 18 00 00 00 0C 00 08 00 00 00 00 00 00 00 00 00 08 00 02 00 00 00 00 00 20 00 00 00 03 00 16 00 00 00 00 00 22 00 00 00 03 00 00 00 10 00 08 00 00 00 00 00 00 00 00 00 B7 EE 00 00 96 F0 7B 1B 01 00 13 FE 08 00 01 00 00 00 00 00 00 00 00 00 00 00 00 00 00 00 02 00 0C 00 08 00 00 00 00 00 00 00 00 00 00 00 00 00 00 00 00 00]
Rec count (Size div RecSize)=11
FORMAT raw=[10 00 08 00 00 00 00 00 08 00 00 00]  DType=16(35) Scale=0 Len=8(8) SubType=0(0) Flags=0 Offs=8
FORMAT raw=[13 FE 08 00 01 00 00 00 10 00 00 00]  DType=19(16) Scale=-2 Len=8(8) SubType=1(1) Flags=0 Offs=16
FORMAT raw=[0C 00 08 00 00 00 00 00 18 00 00 00]  DType=12(27) Scale=0 Len=8(8) SubType=0(0) Flags=0 Offs=24
FORMAT raw=[0C 00 08 00 00 00 00 00 00 00 00 00]  DType=12(27) Scale=0 Len=8(8) SubType=0(0) Flags=0 Offs=0
FORMAT raw=[08 00 02 00 00 00 00 00 20 00 00 00]  DType=8(7) Scale=0 Len=2(2) SubType=0(0) Flags=0 Offs=32
FORMAT raw=[03 00 16 00 00 00 00 00 22 00 00 00]  DType=3(37) Scale=0 Len=22(20) SubType=0(0) Flags=0 Offs=34
RelID_138_format=[01 01 0D 00 01 00 08 00 00 00 00 00 04 00 00 00 10 00 08 00 00 00 00 00 10 00 00 00 10 00 08 00 00 00 00 00 18 00 00 00 10 00 08 00 00 00 00 00 20 00 00 00 13 F7 08 00 01 00 00 00 00 00 00 00 09 00 04 00 00 00 00 00 28 00 00 00 09 00 04 00 00 00 00 00 2C 00 00 00 09 FE 04 00 02 00 00 00 30 00 00 00 0B 00 04 00 00 00 00 00 34 00 00 00 08 00 02 00 00 00 00 00 38 00 00 00 03 00 0E 00 00 00 00 00 3A 00 00 00 03 00 09 00 00 00 00 00 48 00 00 00 01 00 01 00 00 00 00 00 51 00 00 00 05 00 01 00 10 00 08 00 00 00 00 00 00 00 00 00 B7 EE 00 00 A0 F0 7B 1B 06 00 09 00 04 00 00 00 00 00 00 00 00 00 01 00 00 00 08 00 0B 00 04 00 00 00 00 00 00 00 00 00 00 00 00 00 0A 00 01 00 08 00 00 00 00 00 00 00 00 00 73 6F 66 74 77 61 72 65 0B 00 01 00 03 00 00 00 00 00 00 00 00 00 6E 65 77]
Rec count (Size div RecSize)=21
FORMAT raw=[01 00 08 00 00 00 00 00 04 00 00 00]  DType=1(14) Scale=0 Len=8(8) SubType=0(0) Flags=0 Offs=4
FORMAT raw=[10 00 08 00 00 00 00 00 10 00 00 00]  DType=16(35) Scale=0 Len=8(8) SubType=0(0) Flags=0 Offs=16
FORMAT raw=[10 00 08 00 00 00 00 00 18 00 00 00]  DType=16(35) Scale=0 Len=8(8) SubType=0(0) Flags=0 Offs=24
FORMAT raw=[10 00 08 00 00 00 00 00 20 00 00 00]  DType=16(35) Scale=0 Len=8(8) SubType=0(0) Flags=0 Offs=32
FORMAT raw=[13 F7 08 00 01 00 00 00 00 00 00 00]  DType=19(16) Scale=-9 Len=8(8) SubType=1(1) Flags=0 Offs=0
FORMAT raw=[09 00 04 00 00 00 00 00 28 00 00 00]  DType=9(8) Scale=0 Len=4(4) SubType=0(0) Flags=0 Offs=40
FORMAT raw=[09 00 04 00 00 00 00 00 2C 00 00 00]  DType=9(8) Scale=0 Len=4(4) SubType=0(0) Flags=0 Offs=44
FORMAT raw=[09 FE 04 00 02 00 00 00 30 00 00 00]  DType=9(8) Scale=-2 Len=4(4) SubType=2(2) Flags=0 Offs=48
FORMAT raw=[0B 00 04 00 00 00 00 00 34 00 00 00]  DType=11(10) Scale=0 Len=4(4) SubType=0(0) Flags=0 Offs=52
FORMAT raw=[08 00 02 00 00 00 00 00 38 00 00 00]  DType=8(7) Scale=0 Len=2(2) SubType=0(0) Flags=0 Offs=56
FORMAT raw=[03 00 0E 00 00 00 00 00 3A 00 00 00]  DType=3(37) Scale=0 Len=14(12) SubType=0(0) Flags=0 Offs=58
FORMAT raw=[03 00 09 00 00 00 00 00 48 00 00 00]  DType=3(37) Scale=0 Len=9(7) SubType=0(0) Flags=0 Offs=72
FORMAT raw=[01 00 01 00 00 00 00 00 51 00 00 00]  DType=1(14) Scale=0 Len=1(1) SubType=0(0) Flags=0 Offs=81
RelID_169_format=[1C 00 02 00 03 00 11 00 00 00 00 00 04 00 00 00 03 00 0C 00 00 00 00 00 16 00 00 00 00 00]
Rec count (Size div RecSize)=2
FORMAT raw=[03 00 11 00 00 00 00 00 04 00 00 00]  DType=3(37) Scale=0 Len=17(15) SubType=0(0) Flags=0 Offs=4
FORMAT raw=[03 00 0C 00 00 00 00 00 16 00 00 00]  DType=3(37) Scale=0 Len=12(10) SubType=0(0) Flags=0 Offs=22
RelID_173_format=[34 00 04 00 03 00 42 00 00 00 00 00 04 00 00 00 08 00 02 00 00 00 00 00 46 00 00 00 01 00 02 00 00 00 00 00 48 00 00 00 01 00 03 00 00 00 00 00 4A 00 00 00 00 00]
Rec count (Size div RecSize)=4
FORMAT raw=[03 00 42 00 00 00 00 00 04 00 00 00]  DType=3(37) Scale=0 Len=66(64) SubType=0(0) Flags=0 Offs=4
FORMAT raw=[08 00 02 00 00 00 00 00 46 00 00 00]  DType=8(7) Scale=0 Len=2(2) SubType=0(0) Flags=0 Offs=70
FORMAT raw=[01 00 02 00 00 00 00 00 48 00 00 00]  DType=1(14) Scale=0 Len=2(2) SubType=0(0) Flags=0 Offs=72
FORMAT raw=[01 00 03 00 00 00 00 00 4A 00 00 00]  DType=1(14) Scale=0 Len=3(3) SubType=0(0) Flags=0 Offs=74
RelID_174_format=[34 00 04 00 03 00 55 00 00 00 00 00 04 00 00 00 08 00 02 00 00 00 00 00 5A 00 00 00 03 00 55 00 00 00 00 00 5C 00 00 00 03 00 55 00 00 00 00 00 B2 00 00 00 00 00]
Rec count (Size div RecSize)=4
FORMAT raw=[03 00 55 00 00 00 00 00 04 00 00 00]  DType=3(37) Scale=0 Len=85(83) SubType=0(0) Flags=0 Offs=4
FORMAT raw=[08 00 02 00 00 00 00 00 5A 00 00 00]  DType=8(7) Scale=0 Len=2(2) SubType=0(0) Flags=0 Offs=90
FORMAT raw=[03 00 55 00 00 00 00 00 5C 00 00 00]  DType=3(37) Scale=0 Len=85(83) SubType=0(0) Flags=0 Offs=92
FORMAT raw=[03 00 55 00 00 00 00 00 B2 00 00 00]  DType=3(37) Scale=0 Len=85(83) SubType=0(0) Flags=0 Offs=178
RelID_145_format=[10 00 01 00 01 00 53 00 00 00 00 00 04 00 00 00 00 00]
Rec count (Size div RecSize)=1
FORMAT raw=[01 00 53 00 00 00 00 00 04 00 00 00]  DType=1(14) Scale=0 Len=83(83) SubType=0(0) Flags=0 Offs=4
RelID_162_format=[88 00 0B 00 08 00 02 00 00 00 00 00 04 00 00 00 01 00 0F 00 00 00 00 00 06 00 00 00 01 00 14 00 00 00 00 00 15 00 00 00 01 00 04 00 00 00 00 00 29 00 00 00 10 00 08 00 00 00 00 00 30 00 00 00 01 00 03 00 00 00 00 00 38 00 00 00 01 00 05 00 00 00 00 00 3B 00 00 00 08 00 02 00 00 00 00 00 40 00 00 00 01 00 0F 00 00 00 00 00 42 00 00 00 13 00 08 00 00 00 00 00 58 00 00 00 01 00 25 00 00 00 00 00 60 00 00 00 00 00]
Rec count (Size div RecSize)=11
FORMAT raw=[08 00 02 00 00 00 00 00 04 00 00 00]  DType=8(7) Scale=0 Len=2(2) SubType=0(0) Flags=0 Offs=4
FORMAT raw=[01 00 0F 00 00 00 00 00 06 00 00 00]  DType=1(14) Scale=0 Len=15(15) SubType=0(0) Flags=0 Offs=6
FORMAT raw=[01 00 14 00 00 00 00 00 15 00 00 00]  DType=1(14) Scale=0 Len=20(20) SubType=0(0) Flags=0 Offs=21
FORMAT raw=[01 00 04 00 00 00 00 00 29 00 00 00]  DType=1(14) Scale=0 Len=4(4) SubType=0(0) Flags=0 Offs=41
FORMAT raw=[10 00 08 00 00 00 00 00 30 00 00 00]  DType=16(35) Scale=0 Len=8(8) SubType=0(0) Flags=0 Offs=48
FORMAT raw=[01 00 03 00 00 00 00 00 38 00 00 00]  DType=1(14) Scale=0 Len=3(3) SubType=0(0) Flags=0 Offs=56
FORMAT raw=[01 00 05 00 00 00 00 00 3B 00 00 00]  DType=1(14) Scale=0 Len=5(5) SubType=0(0) Flags=0 Offs=59
FORMAT raw=[08 00 02 00 00 00 00 00 40 00 00 00]  DType=8(7) Scale=0 Len=2(2) SubType=0(0) Flags=0 Offs=64
FORMAT raw=[01 00 0F 00 00 00 00 00 42 00 00 00]  DType=1(14) Scale=0 Len=15(15) SubType=0(0) Flags=0 Offs=66
FORMAT raw=[13 00 08 00 00 00 00 00 58 00 00 00]  DType=19(16) Scale=0 Len=8(8) SubType=0(0) Flags=0 Offs=88
FORMAT raw=[01 00 25 00 00 00 00 00 60 00 00 00]  DType=1(14) Scale=0 Len=37(37) SubType=0(0) Flags=0 Offs=96
RelID_147_format=[34 00 04 00 01 00 05 00 00 00 00 00 04 00 00 00 01 00 14 00 00 00 00 00 09 00 00 00 08 00 02 00 00 00 00 00 1E 00 00 00 01 00 0C 00 00 00 00 00 20 00 00 00 00 00]
Rec count (Size div RecSize)=4
FORMAT raw=[01 00 05 00 00 00 00 00 04 00 00 00]  DType=1(14) Scale=0 Len=5(5) SubType=0(0) Flags=0 Offs=4
FORMAT raw=[01 00 14 00 00 00 00 00 09 00 00 00]  DType=1(14) Scale=0 Len=20(20) SubType=0(0) Flags=0 Offs=9
FORMAT raw=[08 00 02 00 00 00 00 00 1E 00 00 00]  DType=8(7) Scale=0 Len=2(2) SubType=0(0) Flags=0 Offs=30
FORMAT raw=[01 00 0C 00 00 00 00 00 20 00 00 00]  DType=1(14) Scale=0 Len=12(12) SubType=0(0) Flags=0 Offs=32
RelID_166_format=[1C 00 02 00 09 00 04 00 00 00 00 00 04 00 00 00 01 00 90 01 00 00 00 00 08 00 00 00 00 00]
Rec count (Size div RecSize)=2
FORMAT raw=[09 00 04 00 00 00 00 00 04 00 00 00]  DType=9(8) Scale=0 Len=4(4) SubType=0(0) Flags=0 Offs=4
FORMAT raw=[01 00 90 01 00 00 00 00 08 00 00 00]  DType=1(14) Scale=0 Len=400(400) SubType=0(0) Flags=0 Offs=8
RelID_156_format=[34 00 04 00 01 00 40 00 00 00 00 00 04 00 00 00 08 00 02 00 00 00 00 00 44 00 00 00 01 00 02 00 00 00 00 00 46 00 00 00 01 00 03 00 00 00 00 00 48 00 00 00 00 00]
Rec count (Size div RecSize)=4
FORMAT raw=[01 00 40 00 00 00 00 00 04 00 00 00]  DType=1(14) Scale=0 Len=64(64) SubType=0(0) Flags=0 Offs=4
FORMAT raw=[08 00 02 00 00 00 00 00 44 00 00 00]  DType=8(7) Scale=0 Len=2(2) SubType=0(0) Flags=0 Offs=68
FORMAT raw=[01 00 02 00 00 00 00 00 46 00 00 00]  DType=1(14) Scale=0 Len=2(2) SubType=0(0) Flags=0 Offs=70
FORMAT raw=[01 00 03 00 00 00 00 00 48 00 00 00]  DType=1(14) Scale=0 Len=3(3) SubType=0(0) Flags=0 Offs=72
RelID_150_format=[34 00 04 00 01 00 40 00 00 00 00 00 04 00 00 00 08 00 02 00 00 00 00 00 44 00 00 00 01 00 02 00 00 00 00 00 46 00 00 00 01 00 03 00 00 00 00 00 48 00 00 00 00 00]
Rec count (Size div RecSize)=4
FORMAT raw=[01 00 40 00 00 00 00 00 04 00 00 00]  DType=1(14) Scale=0 Len=64(64) SubType=0(0) Flags=0 Offs=4
FORMAT raw=[08 00 02 00 00 00 00 00 44 00 00 00]  DType=8(7) Scale=0 Len=2(2) SubType=0(0) Flags=0 Offs=68
FORMAT raw=[01 00 02 00 00 00 00 00 46 00 00 00]  DType=1(14) Scale=0 Len=2(2) SubType=0(0) Flags=0 Offs=70
FORMAT raw=[01 00 03 00 00 00 00 00 48 00 00 00]  DType=1(14) Scale=0 Len=3(3) SubType=0(0) Flags=0 Offs=72
RelID_151_format=[1C 00 02 00 09 00 04 00 00 00 00 00 04 00 00 00 01 00 90 01 00 00 00 00 08 00 00 00 00 00]
Rec count (Size div RecSize)=2
FORMAT raw=[09 00 04 00 00 00 00 00 04 00 00 00]  DType=9(8) Scale=0 Len=4(4) SubType=0(0) Flags=0 Offs=4
FORMAT raw=[01 00 90 01 00 00 00 00 08 00 00 00]  DType=1(14) Scale=0 Len=400(400) SubType=0(0) Flags=0 Offs=8
RelID_152_format=[94 00 0C 00 09 00 04 00 00 00 00 00 04 00 00 00 01 00 19 00 00 00 00 00 08 00 00 00 01 00 0F 00 00 00 00 00 21 00 00 00 01 00 14 00 00 00 00 00 30 00 00 00 01 00 14 00 00 00 00 00 44 00 00 00 01 00 1E 00 00 00 00 00 58 00 00 00 01 00 1E 00 00 00 00 00 76 00 00 00 01 00 19 00 00 00 00 00 94 00 00 00 01 00 0F 00 00 00 00 00 AD 00 00 00 01 00 0F 00 00 00 00 00 BC 00 00 00 01 00 0C 00 00 00 00 00 CB 00 00 00 01 00 01 00 00 00 00 00 D7 00 00 00 00 00]
Rec count (Size div RecSize)=12
FORMAT raw=[09 00 04 00 00 00 00 00 04 00 00 00]  DType=9(8) Scale=0 Len=4(4) SubType=0(0) Flags=0 Offs=4
FORMAT raw=[01 00 19 00 00 00 00 00 08 00 00 00]  DType=1(14) Scale=0 Len=25(25) SubType=0(0) Flags=0 Offs=8
FORMAT raw=[01 00 0F 00 00 00 00 00 21 00 00 00]  DType=1(14) Scale=0 Len=15(15) SubType=0(0) Flags=0 Offs=33
FORMAT raw=[01 00 14 00 00 00 00 00 30 00 00 00]  DType=1(14) Scale=0 Len=20(20) SubType=0(0) Flags=0 Offs=48
FORMAT raw=[01 00 14 00 00 00 00 00 44 00 00 00]  DType=1(14) Scale=0 Len=20(20) SubType=0(0) Flags=0 Offs=68
FORMAT raw=[01 00 1E 00 00 00 00 00 58 00 00 00]  DType=1(14) Scale=0 Len=30(30) SubType=0(0) Flags=0 Offs=88
FORMAT raw=[01 00 1E 00 00 00 00 00 76 00 00 00]  DType=1(14) Scale=0 Len=30(30) SubType=0(0) Flags=0 Offs=118
FORMAT raw=[01 00 19 00 00 00 00 00 94 00 00 00]  DType=1(14) Scale=0 Len=25(25) SubType=0(0) Flags=0 Offs=148
FORMAT raw=[01 00 0F 00 00 00 00 00 AD 00 00 00]  DType=1(14) Scale=0 Len=15(15) SubType=0(0) Flags=0 Offs=173
FORMAT raw=[01 00 0F 00 00 00 00 00 BC 00 00 00]  DType=1(14) Scale=0 Len=15(15) SubType=0(0) Flags=0 Offs=188
FORMAT raw=[01 00 0C 00 00 00 00 00 CB 00 00 00]  DType=1(14) Scale=0 Len=12(12) SubType=0(0) Flags=0 Offs=203
FORMAT raw=[01 00 01 00 00 00 00 00 D7 00 00 00]  DType=1(14) Scale=0 Len=1(1) SubType=0(0) Flags=0 Offs=215
RelID_153_format=[1C 00 02 00 09 00 04 00 00 00 00 00 04 00 00 00 01 00 90 01 00 00 00 00 08 00 00 00 00 00]
Rec count (Size div RecSize)=2
FORMAT raw=[09 00 04 00 00 00 00 00 04 00 00 00]  DType=9(8) Scale=0 Len=4(4) SubType=0(0) Flags=0 Offs=4
FORMAT raw=[01 00 90 01 00 00 00 00 08 00 00 00]  DType=1(14) Scale=0 Len=400(400) SubType=0(0) Flags=0 Offs=8
RelID_154_format=[1C 00 02 00 01 00 0F 00 00 00 00 00 04 00 00 00 01 00 0A 00 00 00 00 00 13 00 00 00 00 00]
Rec count (Size div RecSize)=2
FORMAT raw=[01 00 0F 00 00 00 00 00 04 00 00 00]  DType=1(14) Scale=0 Len=15(15) SubType=0(0) Flags=0 Offs=4
FORMAT raw=[01 00 0A 00 00 00 00 00 13 00 00 00]  DType=1(14) Scale=0 Len=10(10) SubType=0(0) Flags=0 Offs=19
RelID_155_format=[58 00 07 00 01 00 03 00 00 00 00 00 04 00 00 00 01 00 19 00 00 00 00 00 07 00 00 00 01 00 03 00 00 00 00 00 20 00 00 00 08 00 02 00 00 00 00 00 24 00 00 00 13 00 08 00 00 00 00 00 28 00 00 00 01 00 0F 00 00 00 00 00 30 00 00 00 01 00 14 00 00 00 00 00 3F 00 00 00 00 00]
Rec count (Size div RecSize)=7
FORMAT raw=[01 00 03 00 00 00 00 00 04 00 00 00]  DType=1(14) Scale=0 Len=3(3) SubType=0(0) Flags=0 Offs=4
FORMAT raw=[01 00 19 00 00 00 00 00 07 00 00 00]  DType=1(14) Scale=0 Len=25(25) SubType=0(0) Flags=0 Offs=7
FORMAT raw=[01 00 03 00 00 00 00 00 20 00 00 00]  DType=1(14) Scale=0 Len=3(3) SubType=0(0) Flags=0 Offs=32
FORMAT raw=[08 00 02 00 00 00 00 00 24 00 00 00]  DType=8(7) Scale=0 Len=2(2) SubType=0(0) Flags=0 Offs=36
FORMAT raw=[13 00 08 00 00 00 00 00 28 00 00 00]  DType=19(16) Scale=0 Len=8(8) SubType=0(0) Flags=0 Offs=40
FORMAT raw=[01 00 0F 00 00 00 00 00 30 00 00 00]  DType=1(14) Scale=0 Len=15(15) SubType=0(0) Flags=0 Offs=48
FORMAT raw=[01 00 14 00 00 00 00 00 3F 00 00 00]  DType=1(14) Scale=0 Len=20(20) SubType=0(0) Flags=0 Offs=63
RelID_157_format=[88 00 0B 00 08 00 02 00 00 00 00 00 04 00 00 00 01 00 0F 00 00 00 00 00 06 00 00 00 01 00 14 00 00 00 00 00 15 00 00 00 01 00 04 00 00 00 00 00 29 00 00 00 10 00 08 00 00 00 00 00 30 00 00 00 01 00 03 00 00 00 00 00 38 00 00 00 01 00 05 00 00 00 00 00 3B 00 00 00 08 00 02 00 00 00 00 00 40 00 00 00 01 00 0F 00 00 00 00 00 42 00 00 00 13 00 08 00 00 00 00 00 58 00 00 00 01 00 25 00 00 00 00 00 60 00 00 00 00 00]
Rec count (Size div RecSize)=11
FORMAT raw=[08 00 02 00 00 00 00 00 04 00 00 00]  DType=8(7) Scale=0 Len=2(2) SubType=0(0) Flags=0 Offs=4
FORMAT raw=[01 00 0F 00 00 00 00 00 06 00 00 00]  DType=1(14) Scale=0 Len=15(15) SubType=0(0) Flags=0 Offs=6
FORMAT raw=[01 00 14 00 00 00 00 00 15 00 00 00]  DType=1(14) Scale=0 Len=20(20) SubType=0(0) Flags=0 Offs=21
FORMAT raw=[01 00 04 00 00 00 00 00 29 00 00 00]  DType=1(14) Scale=0 Len=4(4) SubType=0(0) Flags=0 Offs=41
FORMAT raw=[10 00 08 00 00 00 00 00 30 00 00 00]  DType=16(35) Scale=0 Len=8(8) SubType=0(0) Flags=0 Offs=48
FORMAT raw=[01 00 03 00 00 00 00 00 38 00 00 00]  DType=1(14) Scale=0 Len=3(3) SubType=0(0) Flags=0 Offs=56
FORMAT raw=[01 00 05 00 00 00 00 00 3B 00 00 00]  DType=1(14) Scale=0 Len=5(5) SubType=0(0) Flags=0 Offs=59
FORMAT raw=[08 00 02 00 00 00 00 00 40 00 00 00]  DType=8(7) Scale=0 Len=2(2) SubType=0(0) Flags=0 Offs=64
FORMAT raw=[01 00 0F 00 00 00 00 00 42 00 00 00]  DType=1(14) Scale=0 Len=15(15) SubType=0(0) Flags=0 Offs=66
FORMAT raw=[13 00 08 00 00 00 00 00 58 00 00 00]  DType=19(16) Scale=0 Len=8(8) SubType=0(0) Flags=0 Offs=88
FORMAT raw=[01 00 25 00 00 00 00 00 60 00 00 00]  DType=1(14) Scale=0 Len=37(37) SubType=0(0) Flags=0 Offs=96
RelID_158_format=[4C 00 06 00 08 00 02 00 00 00 00 00 04 00 00 00 10 00 08 00 00 00 00 00 08 00 00 00 01 00 14 00 00 00 00 00 10 00 00 00 13 00 08 00 00 00 00 00 28 00 00 00 0C 00 08 00 00 00 00 00 30 00 00 00 0C 00 08 00 00 00 00 00 38 00 00 00 00 00]
Rec count (Size div RecSize)=6
FORMAT raw=[08 00 02 00 00 00 00 00 04 00 00 00]  DType=8(7) Scale=0 Len=2(2) SubType=0(0) Flags=0 Offs=4
FORMAT raw=[10 00 08 00 00 00 00 00 08 00 00 00]  DType=16(35) Scale=0 Len=8(8) SubType=0(0) Flags=0 Offs=8
FORMAT raw=[01 00 14 00 00 00 00 00 10 00 00 00]  DType=1(14) Scale=0 Len=20(20) SubType=0(0) Flags=0 Offs=16
FORMAT raw=[13 00 08 00 00 00 00 00 28 00 00 00]  DType=19(16) Scale=0 Len=8(8) SubType=0(0) Flags=0 Offs=40
FORMAT raw=[0C 00 08 00 00 00 00 00 30 00 00 00]  DType=12(27) Scale=0 Len=8(8) SubType=0(0) Flags=0 Offs=48
FORMAT raw=[0C 00 08 00 00 00 00 00 38 00 00 00]  DType=12(27) Scale=0 Len=8(8) SubType=0(0) Flags=0 Offs=56
RelID_163_format=[A0 00 0D 00 01 00 08 00 00 00 00 00 04 00 00 00 09 00 04 00 00 00 00 00 0C 00 00 00 08 00 02 00 00 00 00 00 10 00 00 00 01 00 07 00 00 00 00 00 12 00 00 00 10 00 08 00 00 00 00 00 20 00 00 00 10 00 08 00 00 00 00 00 28 00 00 00 10 00 08 00 00 00 00 00 30 00 00 00 01 00 01 00 00 00 00 00 38 00 00 00 09 00 04 00 00 00 00 00 3C 00 00 00 09 00 04 00 00 00 00 00 40 00 00 00 0B 00 04 00 00 00 00 00 44 00 00 00 01 00 0C 00 00 00 00 00 48 00 00 00 13 00 08 00 00 00 00 00 58 00 00 00 00 00]
Rec count (Size div RecSize)=13
FORMAT raw=[01 00 08 00 00 00 00 00 04 00 00 00]  DType=1(14) Scale=0 Len=8(8) SubType=0(0) Flags=0 Offs=4
FORMAT raw=[09 00 04 00 00 00 00 00 0C 00 00 00]  DType=9(8) Scale=0 Len=4(4) SubType=0(0) Flags=0 Offs=12
FORMAT raw=[08 00 02 00 00 00 00 00 10 00 00 00]  DType=8(7) Scale=0 Len=2(2) SubType=0(0) Flags=0 Offs=16
FORMAT raw=[01 00 07 00 00 00 00 00 12 00 00 00]  DType=1(14) Scale=0 Len=7(7) SubType=0(0) Flags=0 Offs=18
FORMAT raw=[10 00 08 00 00 00 00 00 20 00 00 00]  DType=16(35) Scale=0 Len=8(8) SubType=0(0) Flags=0 Offs=32
FORMAT raw=[10 00 08 00 00 00 00 00 28 00 00 00]  DType=16(35) Scale=0 Len=8(8) SubType=0(0) Flags=0 Offs=40
FORMAT raw=[10 00 08 00 00 00 00 00 30 00 00 00]  DType=16(35) Scale=0 Len=8(8) SubType=0(0) Flags=0 Offs=48
FORMAT raw=[01 00 01 00 00 00 00 00 38 00 00 00]  DType=1(14) Scale=0 Len=1(1) SubType=0(0) Flags=0 Offs=56
FORMAT raw=[09 00 04 00 00 00 00 00 3C 00 00 00]  DType=9(8) Scale=0 Len=4(4) SubType=0(0) Flags=0 Offs=60
FORMAT raw=[09 00 04 00 00 00 00 00 40 00 00 00]  DType=9(8) Scale=0 Len=4(4) SubType=0(0) Flags=0 Offs=64
FORMAT raw=[0B 00 04 00 00 00 00 00 44 00 00 00]  DType=11(10) Scale=0 Len=4(4) SubType=0(0) Flags=0 Offs=68
FORMAT raw=[01 00 0C 00 00 00 00 00 48 00 00 00]  DType=1(14) Scale=0 Len=12(12) SubType=0(0) Flags=0 Offs=72
FORMAT raw=[13 00 08 00 00 00 00 00 58 00 00 00]  DType=19(16) Scale=0 Len=8(8) SubType=0(0) Flags=0 Offs=88
RelID_164_format=[34 00 04 00 01 00 05 00 00 00 00 00 04 00 00 00 01 00 14 00 00 00 00 00 09 00 00 00 08 00 02 00 00 00 00 00 1E 00 00 00 01 00 0C 00 00 00 00 00 20 00 00 00 00 00]
Rec count (Size div RecSize)=4
FORMAT raw=[01 00 05 00 00 00 00 00 04 00 00 00]  DType=1(14) Scale=0 Len=5(5) SubType=0(0) Flags=0 Offs=4
FORMAT raw=[01 00 14 00 00 00 00 00 09 00 00 00]  DType=1(14) Scale=0 Len=20(20) SubType=0(0) Flags=0 Offs=9
FORMAT raw=[08 00 02 00 00 00 00 00 1E 00 00 00]  DType=8(7) Scale=0 Len=2(2) SubType=0(0) Flags=0 Offs=30
FORMAT raw=[01 00 0C 00 00 00 00 00 20 00 00 00]  DType=1(14) Scale=0 Len=12(12) SubType=0(0) Flags=0 Offs=32
== TableName=COUNTRIES  RelationID=173
